This is pdfTeX, Version 3.141592653-2.6-1.40.24 (MiKTeX 22.10) (preloaded format=pdflatex 2022.10.24)  28 MAY 2023 09:33
entering extended mode
 restricted \write18 enabled.
 %&-line parsing enabled.
**./DATA3888_Final_report.tex
(DATA3888_Final_report.tex
LaTeX2e <2022-06-01> patch level 5
L3 programming layer <2022-09-28> (pinp.cls
Document Class: pinp 2019-Sep-07, based on pnas-new 2018/05/06, v1.44
(C:\Users\Jun\AppData\Local\Programs\MiKTeX\tex/latex/extsizes\extarticle.cls
Document Class: extarticle 1996/10/08 v1.0 Non Standard LaTeX document class
(C:\Users\Jun\AppData\Local\Programs\MiKTeX\tex/latex/extsizes\size9.clo
File: size9.clo 1999/11/11 v1.4a NON-Standard LaTeX file (size option)
) (C:\Users\Jun\AppData\Local\Programs\MiKTeX\tex/latex/base\exscale.sty
Package: exscale 2018/09/24 v2.1i Standard LaTeX package exscale
LaTeX Font Info:    Redeclaring symbol font `largesymbols' on input line 57.
LaTeX Font Info:    Overwriting symbol font `largesymbols' in version `normal'
(Font)                  OMX/cmex/m/n --> OMX/cmex/m/n on input line 57.
LaTeX Font Info:    Overwriting symbol font `largesymbols' in version `bold'
(Font)                  OMX/cmex/m/n --> OMX/cmex/m/n on input line 57.
\big@size=\dimen138
)
\c@part=\count185
\c@section=\count186
\c@subsection=\count187
\c@subsubsection=\count188
\c@paragraph=\count189
\c@subparagraph=\count190
\c@figure=\count191
\c@table=\count192
\abovecaptionskip=\skip47
\belowcaptionskip=\skip48
\bibindent=\dimen139
) (C:\Users\Jun\AppData\Local\Programs\MiKTeX\tex/latex/base\inputenc.sty
Package: inputenc 2021/02/14 v1.3d Input encoding file
\inpenc@prehook=\toks16
\inpenc@posthook=\toks17
) (C:\Users\Jun\AppData\Local\Programs\MiKTeX\tex/generic/babel\babel.sty
Package: babel 2022/10/04 3.81 The Babel package
\babel@savecnt=\count193
\U@D=\dimen140
\l@unhyphenated=\language79
(C:\Users\Jun\AppData\Local\Programs\MiKTeX\tex/generic/babel\txtbabel.def)
\bbl@readstream=\read2
\bbl@dirlevel=\count194
*************************************
* Local config file bblopts.cfg used
*
(C:\Users\Jun\AppData\Local\Programs\MiKTeX\tex/latex/arabi\bblopts.cfg
File: bblopts.cfg 2005/09/08 v0.1 add Arabic and Farsi to "declared" options of
 babel
)
(C:\Users\Jun\AppData\Local\Programs\MiKTeX\tex/latex/babel-english\english.ldf
Language: english 2017/06/06 v3.3r English support from the babel system
Package babel Info: Hyphen rules for 'canadian' set to \l@english
(babel)             (\language0). Reported on input line 102.
Package babel Info: Hyphen rules for 'australian' set to \l@ukenglish
(babel)             (\language73). Reported on input line 105.
Package babel Info: Hyphen rules for 'newzealand' set to \l@ukenglish
(babel)             (\language73). Reported on input line 108.
))
(C:\Users\Jun\AppData\Local\Programs\MiKTeX\tex/generic/babel/locale/en\babel-e
nglish.tex
Package babel Info: Importing font and identification data for english
(babel)             from babel-en.ini. Reported on input line 11.
) (C:\Users\Jun\AppData\Local\Programs\MiKTeX\tex/latex/amsmath\amsmath.sty
Package: amsmath 2022/04/08 v2.17n AMS math features
\@mathmargin=\skip49
For additional information on amsmath, use the `?' option.
(C:\Users\Jun\AppData\Local\Programs\MiKTeX\tex/latex/amsmath\amstext.sty
Package: amstext 2021/08/26 v2.01 AMS text
(C:\Users\Jun\AppData\Local\Programs\MiKTeX\tex/latex/amsmath\amsgen.sty
File: amsgen.sty 1999/11/30 v2.0 generic functions
\@emptytoks=\toks18
\ex@=\dimen141
)) (C:\Users\Jun\AppData\Local\Programs\MiKTeX\tex/latex/amsmath\amsbsy.sty
Package: amsbsy 1999/11/29 v1.2d Bold Symbols
\pmbraise@=\dimen142
) (C:\Users\Jun\AppData\Local\Programs\MiKTeX\tex/latex/amsmath\amsopn.sty
Package: amsopn 2022/04/08 v2.04 operator names
)
\inf@bad=\count195
LaTeX Info: Redefining \frac on input line 234.
\uproot@=\count196
\leftroot@=\count197
LaTeX Info: Redefining \overline on input line 399.
LaTeX Info: Redefining \colon on input line 410.
\classnum@=\count198
\DOTSCASE@=\count199
LaTeX Info: Redefining \ldots on input line 496.
LaTeX Info: Redefining \dots on input line 499.
LaTeX Info: Redefining \cdots on input line 620.
\Mathstrutbox@=\box51
\strutbox@=\box52
LaTeX Info: Redefining \big on input line 722.
LaTeX Info: Redefining \Big on input line 723.
LaTeX Info: Redefining \bigg on input line 724.
LaTeX Info: Redefining \Bigg on input line 725.
\big@size=\dimen143
LaTeX Font Info:    Redeclaring font encoding OML on input line 743.
LaTeX Font Info:    Redeclaring font encoding OMS on input line 744.
\macc@depth=\count266
LaTeX Info: Redefining \bmod on input line 905.
LaTeX Info: Redefining \pmod on input line 910.
LaTeX Info: Redefining \smash on input line 940.
LaTeX Info: Redefining \relbar on input line 970.
LaTeX Info: Redefining \Relbar on input line 971.
\c@MaxMatrixCols=\count267
\dotsspace@=\muskip16
\c@parentequation=\count268
\dspbrk@lvl=\count269
\tag@help=\toks19
\row@=\count270
\column@=\count271
\maxfields@=\count272
\andhelp@=\toks20
\eqnshift@=\dimen144
\alignsep@=\dimen145
\tagshift@=\dimen146
\tagwidth@=\dimen147
\totwidth@=\dimen148
\lineht@=\dimen149
\@envbody=\toks21
\multlinegap=\skip50
\multlinetaggap=\skip51
\mathdisplay@stack=\toks22
LaTeX Info: Redefining \[ on input line 2953.
LaTeX Info: Redefining \] on input line 2954.
) (C:\Users\Jun\AppData\Local\Programs\MiKTeX\tex/latex/amsfonts\amsfonts.sty
Package: amsfonts 2013/01/14 v3.01 Basic AMSFonts support
\symAMSa=\mathgroup4
\symAMSb=\mathgroup5
LaTeX Font Info:    Redeclaring math symbol \hbar on input line 98.
LaTeX Font Info:    Overwriting math alphabet `\mathfrak' in version `bold'
(Font)                  U/euf/m/n --> U/euf/b/n on input line 106.
) (C:\Users\Jun\AppData\Local\Programs\MiKTeX\tex/latex/amsfonts\amssymb.sty
Package: amssymb 2013/01/14 v3.01 AMS font symbols
) (C:\Users\Jun\AppData\Local\Programs\MiKTeX\tex/latex/lm\lmodern.sty
Package: lmodern 2015/05/01 v1.6.1 Latin Modern Fonts
LaTeX Font Info:    Overwriting symbol font `operators' in version `normal'
(Font)                  OT1/cmr/m/n --> OT1/lmr/m/n on input line 22.
LaTeX Font Info:    Overwriting symbol font `letters' in version `normal'
(Font)                  OML/cmm/m/it --> OML/lmm/m/it on input line 23.
LaTeX Font Info:    Overwriting symbol font `symbols' in version `normal'
(Font)                  OMS/cmsy/m/n --> OMS/lmsy/m/n on input line 24.
LaTeX Font Info:    Overwriting symbol font `largesymbols' in version `normal'
(Font)                  OMX/cmex/m/n --> OMX/lmex/m/n on input line 25.
LaTeX Font Info:    Overwriting symbol font `operators' in version `bold'
(Font)                  OT1/cmr/bx/n --> OT1/lmr/bx/n on input line 26.
LaTeX Font Info:    Overwriting symbol font `letters' in version `bold'
(Font)                  OML/cmm/b/it --> OML/lmm/b/it on input line 27.
LaTeX Font Info:    Overwriting symbol font `symbols' in version `bold'
(Font)                  OMS/cmsy/b/n --> OMS/lmsy/b/n on input line 28.
LaTeX Font Info:    Overwriting symbol font `largesymbols' in version `bold'
(Font)                  OMX/cmex/m/n --> OMX/lmex/m/n on input line 29.
LaTeX Font Info:    Overwriting math alphabet `\mathbf' in version `normal'
(Font)                  OT1/cmr/bx/n --> OT1/lmr/bx/n on input line 31.
LaTeX Font Info:    Overwriting math alphabet `\mathsf' in version `normal'
(Font)                  OT1/cmss/m/n --> OT1/lmss/m/n on input line 32.
LaTeX Font Info:    Overwriting math alphabet `\mathit' in version `normal'
(Font)                  OT1/cmr/m/it --> OT1/lmr/m/it on input line 33.
LaTeX Font Info:    Overwriting math alphabet `\mathtt' in version `normal'
(Font)                  OT1/cmtt/m/n --> OT1/lmtt/m/n on input line 34.
LaTeX Font Info:    Overwriting math alphabet `\mathbf' in version `bold'
(Font)                  OT1/cmr/bx/n --> OT1/lmr/bx/n on input line 35.
LaTeX Font Info:    Overwriting math alphabet `\mathsf' in version `bold'
(Font)                  OT1/cmss/bx/n --> OT1/lmss/bx/n on input line 36.
LaTeX Font Info:    Overwriting math alphabet `\mathit' in version `bold'
(Font)                  OT1/cmr/bx/it --> OT1/lmr/bx/it on input line 37.
LaTeX Font Info:    Overwriting math alphabet `\mathtt' in version `bold'
(Font)                  OT1/cmtt/m/n --> OT1/lmtt/m/n on input line 38.
) (C:\Users\Jun\AppData\Local\Programs\MiKTeX\tex/latex/psnfss\helvet.sty
Package: helvet 2020/03/25 PSNFSS-v9.3 (WaS) 
(C:\Users\Jun\AppData\Local\Programs\MiKTeX\tex/latex/graphics\keyval.sty
Package: keyval 2022/05/29 v1.15 key=value parser (DPC)
\KV@toks@=\toks23
)) (C:\Users\Jun\AppData\Local\Programs\MiKTeX\tex/latex/base\fontenc.sty
Package: fontenc 2021/04/29 v2.0v Standard LaTeX package
LaTeX Font Info:    Trying to load font information for T1+lmr on input line 11
2.
(C:\Users\Jun\AppData\Local\Programs\MiKTeX\tex/latex/lm\t1lmr.fd
File: t1lmr.fd 2015/05/01 v1.6.1 Font defs for Latin Modern
)) (C:\Users\Jun\AppData\Local\Programs\MiKTeX\tex/latex/lettrine\lettrine.sty
File: lettrine.sty 2023-04-18 v2.40 (Daniel Flipo)
(C:\Users\Jun\AppData\Local\Programs\MiKTeX\tex/latex/l3packages/xfp\xfp.sty (C
:\Users\Jun\AppData\Local\Programs\MiKTeX\tex/latex/l3kernel\expl3.sty
Package: expl3 2022-09-28 L3 programming layer (loader) 

(C:\Users\Jun\AppData\Local\Programs\MiKTeX\tex/latex/l3backend\l3backend-pdfte
x.def
File: l3backend-pdftex.def 2022-09-28 L3 backend support: PDF output (pdfTeX)
\l__color_backend_stack_int=\count273
\l__pdf_internal_box=\box53
))
Package: xfp 2022-06-22 L3 Floating point unit
)
\c@DefaultLines=\count274
\c@DefaultDepth=\count275
\DefaultFindent=\dimen150
\DefaultNindent=\dimen151
\DefaultSlope=\dimen152
\DiscardVskip=\dimen153
\L@lbox=\box54
\L@tbox=\box55
\c@L@lines=\count276
\c@L@depth=\count277
\L@Pindent=\dimen154
\L@Findent=\dimen155
\L@Nindent=\dimen156
\L@lraise=\dimen157
\L@first=\dimen158
\L@next=\dimen159
\L@slope=\dimen160
\L@height=\dimen161
\L@novskip=\dimen162
\L@target@ht=\dimen163
\L@target@dp=\dimen164
\L@target@tht=\dimen165
\LettrineWidth=\dimen166
\LettrineHeight=\dimen167
\LettrineDepth=\dimen168
Loading lettrine.cfg
(C:\Users\Jun\AppData\Local\Programs\MiKTeX\tex/latex/lettrine\lettrine.cfg)
\Llist@everypar=\toks24
) (C:\Users\Jun\AppData\Local\Programs\MiKTeX\tex/latex/tools\afterpage.sty
Package: afterpage 2014/10/28 v1.08 After-Page Package (DPC)
\AP@output=\toks25
\AP@partial=\box56
\AP@footins=\box57
) (C:\Users\Jun\AppData\Local\Programs\MiKTeX\tex/generic/iftex\ifpdf.sty
Package: ifpdf 2019/10/25 v3.4 ifpdf legacy package. Use iftex instead.
(C:\Users\Jun\AppData\Local\Programs\MiKTeX\tex/generic/iftex\iftex.sty
Package: iftex 2022/02/03 v1.0f TeX engine tests
)) (C:\Users\Jun\AppData\Local\Programs\MiKTeX\tex/generic/iftex\ifxetex.sty
Package: ifxetex 2019/10/25 v0.7 ifxetex legacy package. Use iftex instead.
) (C:\Users\Jun\AppData\Local\Programs\MiKTeX\tex/latex/xcolor\xcolor.sty
Package: xcolor 2022/06/12 v2.14 LaTeX color extensions (UK)
(C:\Users\Jun\AppData\Local\Programs\MiKTeX\tex/latex/graphics-cfg\color.cfg
File: color.cfg 2016/01/02 v1.6 sample color configuration
)
Package xcolor Info: Driver file: pdftex.def on input line 227.
(C:\Users\Jun\AppData\Local\Programs\MiKTeX\tex/latex/graphics-def\pdftex.def
File: pdftex.def 2022/09/22 v1.2b Graphics/color driver for pdftex
\stockwidth=\dimen169
\stockheight=\dimen170
) (C:\Users\Jun\AppData\Local\Programs\MiKTeX\tex/latex/graphics\mathcolor.ltx)
Package xcolor Info: Model `cmy' substituted by `cmy0' on input line 1353.
Package xcolor Info: Model `hsb' substituted by `rgb' on input line 1357.
Package xcolor Info: Model `RGB' extended on input line 1369.
Package xcolor Info: Model `HTML' substituted by `rgb' on input line 1371.
Package xcolor Info: Model `Hsb' substituted by `hsb' on input line 1372.
Package xcolor Info: Model `tHsb' substituted by `hsb' on input line 1373.
Package xcolor Info: Model `HSB' substituted by `hsb' on input line 1374.
Package xcolor Info: Model `Gray' substituted by `gray' on input line 1375.
Package xcolor Info: Model `wave' substituted by `hsb' on input line 1376.
)
(C:\Users\Jun\AppData\Local\Programs\MiKTeX\tex/latex/pgf/frontendlayer\tikz.st
y (C:\Users\Jun\AppData\Local\Programs\MiKTeX\tex/latex/pgf/basiclayer\pgf.sty 
(C:\Users\Jun\AppData\Local\Programs\MiKTeX\tex/latex/pgf/utilities\pgfrcs.sty
(C:\Users\Jun\AppData\Local\Programs\MiKTeX\tex/generic/pgf/utilities\pgfutil-c
ommon.tex
\pgfutil@everybye=\toks26
\pgfutil@tempdima=\dimen171
\pgfutil@tempdimb=\dimen172

(C:\Users\Jun\AppData\Local\Programs\MiKTeX\tex/generic/pgf/utilities\pgfutil-c
ommon-lists.tex))
(C:\Users\Jun\AppData\Local\Programs\MiKTeX\tex/generic/pgf/utilities\pgfutil-l
atex.def
\pgfutil@abb=\box58
)
(C:\Users\Jun\AppData\Local\Programs\MiKTeX\tex/generic/pgf/utilities\pgfrcs.co
de.tex (C:\Users\Jun\AppData\Local\Programs\MiKTeX\tex/generic/pgf\pgf.revision
.tex)
Package: pgfrcs 2021/05/15 v3.1.9a (3.1.9a)
))
Package: pgf 2021/05/15 v3.1.9a (3.1.9a)

(C:\Users\Jun\AppData\Local\Programs\MiKTeX\tex/latex/pgf/basiclayer\pgfcore.st
y (C:\Users\Jun\AppData\Local\Programs\MiKTeX\tex/latex/graphics\graphicx.sty
Package: graphicx 2021/09/16 v1.2d Enhanced LaTeX Graphics (DPC,SPQR)
(C:\Users\Jun\AppData\Local\Programs\MiKTeX\tex/latex/graphics\graphics.sty
Package: graphics 2022/03/10 v1.4e Standard LaTeX Graphics (DPC,SPQR)
(C:\Users\Jun\AppData\Local\Programs\MiKTeX\tex/latex/graphics\trig.sty
Package: trig 2021/08/11 v1.11 sin cos tan (DPC)
)
(C:\Users\Jun\AppData\Local\Programs\MiKTeX\tex/latex/graphics-cfg\graphics.cfg
File: graphics.cfg 2016/06/04 v1.11 sample graphics configuration
)
Package graphics Info: Driver file: pdftex.def on input line 107.
)
\Gin@req@height=\dimen173
\Gin@req@width=\dimen174
)
(C:\Users\Jun\AppData\Local\Programs\MiKTeX\tex/latex/pgf/systemlayer\pgfsys.st
y
(C:\Users\Jun\AppData\Local\Programs\MiKTeX\tex/generic/pgf/systemlayer\pgfsys.
code.tex
Package: pgfsys 2021/05/15 v3.1.9a (3.1.9a)

(C:\Users\Jun\AppData\Local\Programs\MiKTeX\tex/generic/pgf/utilities\pgfkeys.c
ode.tex
\pgfkeys@pathtoks=\toks27
\pgfkeys@temptoks=\toks28

(C:\Users\Jun\AppData\Local\Programs\MiKTeX\tex/generic/pgf/utilities\pgfkeysfi
ltered.code.tex
\pgfkeys@tmptoks=\toks29
))
\pgf@x=\dimen175
\pgf@y=\dimen176
\pgf@xa=\dimen177
\pgf@ya=\dimen178
\pgf@xb=\dimen179
\pgf@yb=\dimen180
\pgf@xc=\dimen181
\pgf@yc=\dimen182
\pgf@xd=\dimen183
\pgf@yd=\dimen184
\w@pgf@writea=\write3
\r@pgf@reada=\read3
\c@pgf@counta=\count278
\c@pgf@countb=\count279
\c@pgf@countc=\count280
\c@pgf@countd=\count281
\t@pgf@toka=\toks30
\t@pgf@tokb=\toks31
\t@pgf@tokc=\toks32
\pgf@sys@id@count=\count282

(C:\Users\Jun\AppData\Local\Programs\MiKTeX\tex/generic/pgf/systemlayer\pgf.cfg
File: pgf.cfg 2021/05/15 v3.1.9a (3.1.9a)
)
Driver file for pgf: pgfsys-pdftex.def

(C:\Users\Jun\AppData\Local\Programs\MiKTeX\tex/generic/pgf/systemlayer\pgfsys-
pdftex.def
File: pgfsys-pdftex.def 2021/05/15 v3.1.9a (3.1.9a)

(C:\Users\Jun\AppData\Local\Programs\MiKTeX\tex/generic/pgf/systemlayer\pgfsys-
common-pdf.def
File: pgfsys-common-pdf.def 2021/05/15 v3.1.9a (3.1.9a)
)))
(C:\Users\Jun\AppData\Local\Programs\MiKTeX\tex/generic/pgf/systemlayer\pgfsyss
oftpath.code.tex
File: pgfsyssoftpath.code.tex 2021/05/15 v3.1.9a (3.1.9a)
\pgfsyssoftpath@smallbuffer@items=\count283
\pgfsyssoftpath@bigbuffer@items=\count284
)
(C:\Users\Jun\AppData\Local\Programs\MiKTeX\tex/generic/pgf/systemlayer\pgfsysp
rotocol.code.tex
File: pgfsysprotocol.code.tex 2021/05/15 v3.1.9a (3.1.9a)
))
(C:\Users\Jun\AppData\Local\Programs\MiKTeX\tex/generic/pgf/basiclayer\pgfcore.
code.tex
Package: pgfcore 2021/05/15 v3.1.9a (3.1.9a)

(C:\Users\Jun\AppData\Local\Programs\MiKTeX\tex/generic/pgf/math\pgfmath.code.t
ex
(C:\Users\Jun\AppData\Local\Programs\MiKTeX\tex/generic/pgf/math\pgfmathcalc.co
de.tex
(C:\Users\Jun\AppData\Local\Programs\MiKTeX\tex/generic/pgf/math\pgfmathutil.co
de.tex)
(C:\Users\Jun\AppData\Local\Programs\MiKTeX\tex/generic/pgf/math\pgfmathparser.
code.tex
\pgfmath@dimen=\dimen185
\pgfmath@count=\count285
\pgfmath@box=\box59
\pgfmath@toks=\toks33
\pgfmath@stack@operand=\toks34
\pgfmath@stack@operation=\toks35
)
(C:\Users\Jun\AppData\Local\Programs\MiKTeX\tex/generic/pgf/math\pgfmathfunctio
ns.code.tex
(C:\Users\Jun\AppData\Local\Programs\MiKTeX\tex/generic/pgf/math\pgfmathfunctio
ns.basic.code.tex)
(C:\Users\Jun\AppData\Local\Programs\MiKTeX\tex/generic/pgf/math\pgfmathfunctio
ns.trigonometric.code.tex)
(C:\Users\Jun\AppData\Local\Programs\MiKTeX\tex/generic/pgf/math\pgfmathfunctio
ns.random.code.tex)
(C:\Users\Jun\AppData\Local\Programs\MiKTeX\tex/generic/pgf/math\pgfmathfunctio
ns.comparison.code.tex)
(C:\Users\Jun\AppData\Local\Programs\MiKTeX\tex/generic/pgf/math\pgfmathfunctio
ns.base.code.tex)
(C:\Users\Jun\AppData\Local\Programs\MiKTeX\tex/generic/pgf/math\pgfmathfunctio
ns.round.code.tex)
(C:\Users\Jun\AppData\Local\Programs\MiKTeX\tex/generic/pgf/math\pgfmathfunctio
ns.misc.code.tex)
(C:\Users\Jun\AppData\Local\Programs\MiKTeX\tex/generic/pgf/math\pgfmathfunctio
ns.integerarithmetics.code.tex)))
(C:\Users\Jun\AppData\Local\Programs\MiKTeX\tex/generic/pgf/math\pgfmathfloat.c
ode.tex
\c@pgfmathroundto@lastzeros=\count286
))
(C:\Users\Jun\AppData\Local\Programs\MiKTeX\tex/generic/pgf/math\pgfint.code.te
x)
(C:\Users\Jun\AppData\Local\Programs\MiKTeX\tex/generic/pgf/basiclayer\pgfcorep
oints.code.tex
File: pgfcorepoints.code.tex 2021/05/15 v3.1.9a (3.1.9a)
\pgf@picminx=\dimen186
\pgf@picmaxx=\dimen187
\pgf@picminy=\dimen188
\pgf@picmaxy=\dimen189
\pgf@pathminx=\dimen190
\pgf@pathmaxx=\dimen191
\pgf@pathminy=\dimen192
\pgf@pathmaxy=\dimen193
\pgf@xx=\dimen194
\pgf@xy=\dimen195
\pgf@yx=\dimen196
\pgf@yy=\dimen197
\pgf@zx=\dimen198
\pgf@zy=\dimen199
)
(C:\Users\Jun\AppData\Local\Programs\MiKTeX\tex/generic/pgf/basiclayer\pgfcorep
athconstruct.code.tex
File: pgfcorepathconstruct.code.tex 2021/05/15 v3.1.9a (3.1.9a)
\pgf@path@lastx=\dimen256
\pgf@path@lasty=\dimen257
)
(C:\Users\Jun\AppData\Local\Programs\MiKTeX\tex/generic/pgf/basiclayer\pgfcorep
athusage.code.tex
File: pgfcorepathusage.code.tex 2021/05/15 v3.1.9a (3.1.9a)
\pgf@shorten@end@additional=\dimen258
\pgf@shorten@start@additional=\dimen259
)
(C:\Users\Jun\AppData\Local\Programs\MiKTeX\tex/generic/pgf/basiclayer\pgfcores
copes.code.tex
File: pgfcorescopes.code.tex 2021/05/15 v3.1.9a (3.1.9a)
\pgfpic=\box60
\pgf@hbox=\box61
\pgf@layerbox@main=\box62
\pgf@picture@serial@count=\count287
)
(C:\Users\Jun\AppData\Local\Programs\MiKTeX\tex/generic/pgf/basiclayer\pgfcoreg
raphicstate.code.tex
File: pgfcoregraphicstate.code.tex 2021/05/15 v3.1.9a (3.1.9a)
\pgflinewidth=\dimen260
)
(C:\Users\Jun\AppData\Local\Programs\MiKTeX\tex/generic/pgf/basiclayer\pgfcoret
ransformations.code.tex
File: pgfcoretransformations.code.tex 2021/05/15 v3.1.9a (3.1.9a)
\pgf@pt@x=\dimen261
\pgf@pt@y=\dimen262
\pgf@pt@temp=\dimen263
)
(C:\Users\Jun\AppData\Local\Programs\MiKTeX\tex/generic/pgf/basiclayer\pgfcoreq
uick.code.tex
File: pgfcorequick.code.tex 2021/05/15 v3.1.9a (3.1.9a)
)
(C:\Users\Jun\AppData\Local\Programs\MiKTeX\tex/generic/pgf/basiclayer\pgfcoreo
bjects.code.tex
File: pgfcoreobjects.code.tex 2021/05/15 v3.1.9a (3.1.9a)
)
(C:\Users\Jun\AppData\Local\Programs\MiKTeX\tex/generic/pgf/basiclayer\pgfcorep
athprocessing.code.tex
File: pgfcorepathprocessing.code.tex 2021/05/15 v3.1.9a (3.1.9a)
)
(C:\Users\Jun\AppData\Local\Programs\MiKTeX\tex/generic/pgf/basiclayer\pgfcorea
rrows.code.tex
File: pgfcorearrows.code.tex 2021/05/15 v3.1.9a (3.1.9a)
\pgfarrowsep=\dimen264
)
(C:\Users\Jun\AppData\Local\Programs\MiKTeX\tex/generic/pgf/basiclayer\pgfcores
hade.code.tex
File: pgfcoreshade.code.tex 2021/05/15 v3.1.9a (3.1.9a)
\pgf@max=\dimen265
\pgf@sys@shading@range@num=\count288
\pgf@shadingcount=\count289
)
(C:\Users\Jun\AppData\Local\Programs\MiKTeX\tex/generic/pgf/basiclayer\pgfcorei
mage.code.tex
File: pgfcoreimage.code.tex 2021/05/15 v3.1.9a (3.1.9a)

(C:\Users\Jun\AppData\Local\Programs\MiKTeX\tex/generic/pgf/basiclayer\pgfcoree
xternal.code.tex
File: pgfcoreexternal.code.tex 2021/05/15 v3.1.9a (3.1.9a)
\pgfexternal@startupbox=\box63
))
(C:\Users\Jun\AppData\Local\Programs\MiKTeX\tex/generic/pgf/basiclayer\pgfcorel
ayers.code.tex
File: pgfcorelayers.code.tex 2021/05/15 v3.1.9a (3.1.9a)
)
(C:\Users\Jun\AppData\Local\Programs\MiKTeX\tex/generic/pgf/basiclayer\pgfcoret
ransparency.code.tex
File: pgfcoretransparency.code.tex 2021/05/15 v3.1.9a (3.1.9a)
)
(C:\Users\Jun\AppData\Local\Programs\MiKTeX\tex/generic/pgf/basiclayer\pgfcorep
atterns.code.tex
File: pgfcorepatterns.code.tex 2021/05/15 v3.1.9a (3.1.9a)
)
(C:\Users\Jun\AppData\Local\Programs\MiKTeX\tex/generic/pgf/basiclayer\pgfcorer
df.code.tex
File: pgfcorerdf.code.tex 2021/05/15 v3.1.9a (3.1.9a)
)))
(C:\Users\Jun\AppData\Local\Programs\MiKTeX\tex/generic/pgf/modules\pgfmodulesh
apes.code.tex
File: pgfmoduleshapes.code.tex 2021/05/15 v3.1.9a (3.1.9a)
\pgfnodeparttextbox=\box64
)
(C:\Users\Jun\AppData\Local\Programs\MiKTeX\tex/generic/pgf/modules\pgfmodulepl
ot.code.tex
File: pgfmoduleplot.code.tex 2021/05/15 v3.1.9a (3.1.9a)
)
(C:\Users\Jun\AppData\Local\Programs\MiKTeX\tex/latex/pgf/compatibility\pgfcomp
-version-0-65.sty
Package: pgfcomp-version-0-65 2021/05/15 v3.1.9a (3.1.9a)
\pgf@nodesepstart=\dimen266
\pgf@nodesepend=\dimen267
)
(C:\Users\Jun\AppData\Local\Programs\MiKTeX\tex/latex/pgf/compatibility\pgfcomp
-version-1-18.sty
Package: pgfcomp-version-1-18 2021/05/15 v3.1.9a (3.1.9a)
)) (C:\Users\Jun\AppData\Local\Programs\MiKTeX\tex/latex/pgf/utilities\pgffor.s
ty
(C:\Users\Jun\AppData\Local\Programs\MiKTeX\tex/latex/pgf/utilities\pgfkeys.sty

(C:\Users\Jun\AppData\Local\Programs\MiKTeX\tex/generic/pgf/utilities\pgfkeys.c
ode.tex)) (C:\Users\Jun\AppData\Local\Programs\MiKTeX\tex/latex/pgf/math\pgfmat
h.sty
(C:\Users\Jun\AppData\Local\Programs\MiKTeX\tex/generic/pgf/math\pgfmath.code.t
ex))
(C:\Users\Jun\AppData\Local\Programs\MiKTeX\tex/generic/pgf/utilities\pgffor.co
de.tex
Package: pgffor 2021/05/15 v3.1.9a (3.1.9a)

(C:\Users\Jun\AppData\Local\Programs\MiKTeX\tex/generic/pgf/math\pgfmath.code.t
ex)
\pgffor@iter=\dimen268
\pgffor@skip=\dimen269
\pgffor@stack=\toks36
\pgffor@toks=\toks37
))
(C:\Users\Jun\AppData\Local\Programs\MiKTeX\tex/generic/pgf/frontendlayer/tikz\
tikz.code.tex
Package: tikz 2021/05/15 v3.1.9a (3.1.9a)

(C:\Users\Jun\AppData\Local\Programs\MiKTeX\tex/generic/pgf/libraries\pgflibrar
yplothandlers.code.tex
File: pgflibraryplothandlers.code.tex 2021/05/15 v3.1.9a (3.1.9a)
\pgf@plot@mark@count=\count290
\pgfplotmarksize=\dimen270
)
\tikz@lastx=\dimen271
\tikz@lasty=\dimen272
\tikz@lastxsaved=\dimen273
\tikz@lastysaved=\dimen274
\tikz@lastmovetox=\dimen275
\tikz@lastmovetoy=\dimen276
\tikzleveldistance=\dimen277
\tikzsiblingdistance=\dimen278
\tikz@figbox=\box65
\tikz@figbox@bg=\box66
\tikz@tempbox=\box67
\tikz@tempbox@bg=\box68
\tikztreelevel=\count291
\tikznumberofchildren=\count292
\tikznumberofcurrentchild=\count293
\tikz@fig@count=\count294

(C:\Users\Jun\AppData\Local\Programs\MiKTeX\tex/generic/pgf/modules\pgfmodulema
trix.code.tex
File: pgfmodulematrix.code.tex 2021/05/15 v3.1.9a (3.1.9a)
\pgfmatrixcurrentrow=\count295
\pgfmatrixcurrentcolumn=\count296
\pgf@matrix@numberofcolumns=\count297
)
\tikz@expandcount=\count298

(C:\Users\Jun\AppData\Local\Programs\MiKTeX\tex/generic/pgf/frontendlayer/tikz/
libraries\tikzlibrarytopaths.code.tex
File: tikzlibrarytopaths.code.tex 2021/05/15 v3.1.9a (3.1.9a)
))) (C:\Users\Jun\AppData\Local\Programs\MiKTeX\tex/latex/mdframed\mdframed.sty
Package: mdframed 2013/07/01 1.9b: mdframed
(C:\Users\Jun\AppData\Local\Programs\MiKTeX\tex/latex/kvoptions\kvoptions.sty
Package: kvoptions 2022-06-15 v3.15 Key value format for package options (HO)
(C:\Users\Jun\AppData\Local\Programs\MiKTeX\tex/generic/ltxcmds\ltxcmds.sty
Package: ltxcmds 2020-05-10 v1.25 LaTeX kernel commands for general use (HO)
) (C:\Users\Jun\AppData\Local\Programs\MiKTeX\tex/latex/kvsetkeys\kvsetkeys.sty
Package: kvsetkeys 2022-10-05 v1.19 Key value parser (HO)
))
(C:\Users\Jun\AppData\Local\Programs\MiKTeX\tex/latex/l3packages/xparse\xparse.
sty
Package: xparse 2022-06-22 L3 Experimental document command parser
) (C:\Users\Jun\AppData\Local\Programs\MiKTeX\tex/latex/etoolbox\etoolbox.sty
Package: etoolbox 2020/10/05 v2.5k e-TeX tools for LaTeX (JAW)
\etb@tempcnta=\count299
) (C:\Users\Jun\AppData\Local\Programs\MiKTeX\tex/latex/zref\zref-abspage.sty
Package: zref-abspage 2022-04-07 v2.34 Module abspage for zref (HO)
(C:\Users\Jun\AppData\Local\Programs\MiKTeX\tex/latex/zref\zref-base.sty
Package: zref-base 2022-04-07 v2.34 Module base for zref (HO)

(C:\Users\Jun\AppData\Local\Programs\MiKTeX\tex/generic/infwarerr\infwarerr.sty
Package: infwarerr 2019/12/03 v1.5 Providing info/warning/error messages (HO)
)
(C:\Users\Jun\AppData\Local\Programs\MiKTeX\tex/generic/kvdefinekeys\kvdefineke
ys.sty
Package: kvdefinekeys 2019-12-19 v1.6 Define keys (HO)
)
(C:\Users\Jun\AppData\Local\Programs\MiKTeX\tex/generic/pdftexcmds\pdftexcmds.s
ty
Package: pdftexcmds 2020-06-27 v0.33 Utility functions of pdfTeX for LuaTeX (HO
)
Package pdftexcmds Info: \pdf@primitive is available.
Package pdftexcmds Info: \pdf@ifprimitive is available.
Package pdftexcmds Info: \pdfdraftmode found.
) (C:\Users\Jun\AppData\Local\Programs\MiKTeX\tex/generic/etexcmds\etexcmds.sty
Package: etexcmds 2019/12/15 v1.7 Avoid name clashes with e-TeX commands (HO)
) (C:\Users\Jun\AppData\Local\Programs\MiKTeX\tex/latex/auxhook\auxhook.sty
Package: auxhook 2019-12-17 v1.6 Hooks for auxiliary files (HO)
)
Package zref Info: New property list: main on input line 767.
Package zref Info: New property: default on input line 768.
Package zref Info: New property: page on input line 769.
) (C:\Users\Jun\AppData\Local\Programs\MiKTeX\tex/latex/base\atbegshi-ltx.sty
Package: atbegshi-ltx 2021/01/10 v1.0c Emulation of the original atbegshi
package with kernel methods
)
\c@abspage=\count300
Package zref Info: New property: abspage on input line 65.
) (C:\Users\Jun\AppData\Local\Programs\MiKTeX\tex/latex/needspace\needspace.sty
Package: needspace 2010/09/12 v1.3d reserve vertical space
)
\mdf@templength=\skip52
\c@mdf@globalstyle@cnt=\count301
\mdf@skipabove@length=\skip53
\mdf@skipbelow@length=\skip54
\mdf@leftmargin@length=\skip55
\mdf@rightmargin@length=\skip56
\mdf@innerleftmargin@length=\skip57
\mdf@innerrightmargin@length=\skip58
\mdf@innertopmargin@length=\skip59
\mdf@innerbottommargin@length=\skip60
\mdf@splittopskip@length=\skip61
\mdf@splitbottomskip@length=\skip62
\mdf@outermargin@length=\skip63
\mdf@innermargin@length=\skip64
\mdf@linewidth@length=\skip65
\mdf@innerlinewidth@length=\skip66
\mdf@middlelinewidth@length=\skip67
\mdf@outerlinewidth@length=\skip68
\mdf@roundcorner@length=\skip69
\mdf@footenotedistance@length=\skip70
\mdf@userdefinedwidth@length=\skip71
\mdf@needspace@length=\skip72
\mdf@frametitleaboveskip@length=\skip73
\mdf@frametitlebelowskip@length=\skip74
\mdf@frametitlerulewidth@length=\skip75
\mdf@frametitleleftmargin@length=\skip76
\mdf@frametitlerightmargin@length=\skip77
\mdf@shadowsize@length=\skip78
\mdf@extratopheight@length=\skip79
\mdf@subtitleabovelinewidth@length=\skip80
\mdf@subtitlebelowlinewidth@length=\skip81
\mdf@subtitleaboveskip@length=\skip82
\mdf@subtitlebelowskip@length=\skip83
\mdf@subtitleinneraboveskip@length=\skip84
\mdf@subtitleinnerbelowskip@length=\skip85
\mdf@subsubtitleabovelinewidth@length=\skip86
\mdf@subsubtitlebelowlinewidth@length=\skip87
\mdf@subsubtitleaboveskip@length=\skip88
\mdf@subsubtitlebelowskip@length=\skip89
\mdf@subsubtitleinneraboveskip@length=\skip90
\mdf@subsubtitleinnerbelowskip@length=\skip91
(C:\Users\Jun\AppData\Local\Programs\MiKTeX\tex/latex/mdframed\md-frame-1.mdf
File: md-frame-1.mdf 2013/07/01\ 1.9b: md-frame-1
)
\mdf@frametitlebox=\box69
\mdf@footnotebox=\box70
\mdf@splitbox@one=\box71
\mdf@splitbox@two=\box72
\mdf@splitbox@save=\box73
\mdfsplitboxwidth=\skip92
\mdfsplitboxtotalwidth=\skip93
\mdfsplitboxheight=\skip94
\mdfsplitboxdepth=\skip95
\mdfsplitboxtotalheight=\skip96
\mdfframetitleboxwidth=\skip97
\mdfframetitleboxtotalwidth=\skip98
\mdfframetitleboxheight=\skip99
\mdfframetitleboxdepth=\skip100
\mdfframetitleboxtotalheight=\skip101
\mdffootnoteboxwidth=\skip102
\mdffootnoteboxtotalwidth=\skip103
\mdffootnoteboxheight=\skip104
\mdffootnoteboxdepth=\skip105
\mdffootnoteboxtotalheight=\skip106
\mdftotallinewidth=\skip107
\mdfboundingboxwidth=\skip108
\mdfboundingboxtotalwidth=\skip109
\mdfboundingboxheight=\skip110
\mdfboundingboxdepth=\skip111
\mdfboundingboxtotalheight=\skip112
\mdf@freevspace@length=\skip113
\mdf@horizontalwidthofbox@length=\skip114
\mdf@verticalmarginwhole@length=\skip115
\mdf@horizontalspaceofbox=\skip116
\mdfsubtitleheight=\skip117
\mdfsubsubtitleheight=\skip118
\c@mdfcountframes=\count302

****** mdframed patching \endmdf@trivlist

****** -- success******

\mdf@envdepth=\count303
\c@mdf@env@i=\count304
\c@mdf@env@ii=\count305
\c@mdf@zref@counter=\count306
Package zref Info: New property: mdf@pagevalue on input line 895.
)
Document Class: pinp 
(C:\Users\Jun\AppData\Local\Programs\MiKTeX\tex/latex/sttools\flushend.sty
Package: flushend 2021/10/04 v4.0 Balancing columns in twocolumn mode
\flushend@@lastskip@a=\skip119
\flushend@@lastskip@b=\skip120
\flushend@@lastnode=\count307
\var@@loop@iter=\count308
\var@@temp@spread=\dimen279
\var@@temp@a=\dimen280
\var@@temp@loop=\dimen281
\flushend@@page@rule=\dimen282
\flushend@@varbox@lastpage=\box74
\flushend@@varbox@a=\box75
\flushend@@varbox@c=\box76
\flushend@@tempbox@a=\box77
\flushend@@tempbox@c=\box78
\flushend@@floatbox=\box79
\@viper=\box80
\hold@viper=\box81
\atColsBreak=\toks38
\atColsEnd=\toks39
\oldbreak@skip=\dimen283
) (C:\Users\Jun\AppData\Local\Programs\MiKTeX\tex/latex/sttools\cuted.sty
Package: cuted 2021/10/04 v2.0 Mixing onecolumn and twocolumn modes
\At@ViperColsBreak=\toks40
\preCutedStrip=\toks41
\postCutedStrip=\toks42
\cuted@@tempbox@a=\box82
\cuted@@tempbox@c=\box83
\cuted@@tempbox@var=\box84
\cuted@@varbox@a=\box85
\cuted@@varbox@c=\box86
\cuted@@tempdim@spread=\dimen284
\cuted@@tempdim@a=\dimen285
\cuted@@tempdim@b=\dimen286
\ht@hold@viper=\dimen287
\ht@viper=\dimen288
\var@@pagediscards@ht=\dimen289
\stripsep=\skip121
\viper@penalty=\count309
)
\@parindent=\skip122
(C:\Users\Jun\AppData\Local\Programs\MiKTeX\tex/latex/hyperref\hyperref.sty
Package: hyperref 2022-09-22 v7.00t Hypertext links for LaTeX

(C:\Users\Jun\AppData\Local\Programs\MiKTeX\tex/generic/pdfescape\pdfescape.sty
Package: pdfescape 2019/12/09 v1.15 Implements pdfTeX's escape features (HO)
) (C:\Users\Jun\AppData\Local\Programs\MiKTeX\tex/latex/hycolor\hycolor.sty
Package: hycolor 2020-01-27 v1.10 Color options for hyperref/bookmark (HO)
)
(C:\Users\Jun\AppData\Local\Programs\MiKTeX\tex/latex/letltxmacro\letltxmacro.s
ty
Package: letltxmacro 2019/12/03 v1.6 Let assignment for LaTeX macros (HO)
) (C:\Users\Jun\AppData\Local\Programs\MiKTeX\tex/latex/hyperref\nameref.sty
Package: nameref 2022-05-17 v2.50 Cross-referencing by name of section
(C:\Users\Jun\AppData\Local\Programs\MiKTeX\tex/latex/refcount\refcount.sty
Package: refcount 2019/12/15 v3.6 Data extraction from label references (HO)
)
(C:\Users\Jun\AppData\Local\Programs\MiKTeX\tex/generic/gettitlestring\gettitle
string.sty
Package: gettitlestring 2019/12/15 v1.6 Cleanup title references (HO)
)
\c@section@level=\count310
)
\@linkdim=\dimen290
\Hy@linkcounter=\count311
\Hy@pagecounter=\count312
(C:\Users\Jun\AppData\Local\Programs\MiKTeX\tex/latex/hyperref\pd1enc.def
File: pd1enc.def 2022-09-22 v7.00t Hyperref: PDFDocEncoding definition (HO)
Now handling font encoding PD1 ...
... no UTF-8 mapping file for font encoding PD1
) (C:\Users\Jun\AppData\Local\Programs\MiKTeX\tex/generic/intcalc\intcalc.sty
Package: intcalc 2019/12/15 v1.3 Expandable calculations with integers (HO)
)
\Hy@SavedSpaceFactor=\count313
(C:\Users\Jun\AppData\Local\Programs\MiKTeX\tex/latex/hyperref\puenc.def
File: puenc.def 2022-09-22 v7.00t Hyperref: PDF Unicode definition (HO)
Now handling font encoding PU ...
... no UTF-8 mapping file for font encoding PU
)
Package hyperref Info: Option `colorlinks' set `true' on input line 4045.
Package hyperref Info: Hyper figures OFF on input line 4162.
Package hyperref Info: Link nesting OFF on input line 4167.
Package hyperref Info: Hyper index ON on input line 4170.
Package hyperref Info: Plain pages OFF on input line 4177.
Package hyperref Info: Backreferencing OFF on input line 4182.
Package hyperref Info: Implicit mode ON; LaTeX internals redefined.
Package hyperref Info: Bookmarks ON on input line 4410.
\c@Hy@tempcnt=\count314
(C:\Users\Jun\AppData\Local\Programs\MiKTeX\tex/latex/url\url.sty
\Urlmuskip=\muskip17
Package: url 2013/09/16  ver 3.4  Verb mode for urls, etc.
)
LaTeX Info: Redefining \url on input line 4748.
\XeTeXLinkMargin=\dimen291
(C:\Users\Jun\AppData\Local\Programs\MiKTeX\tex/generic/bitset\bitset.sty
Package: bitset 2019/12/09 v1.3 Handle bit-vector datatype (HO)

(C:\Users\Jun\AppData\Local\Programs\MiKTeX\tex/generic/bigintcalc\bigintcalc.s
ty
Package: bigintcalc 2019/12/15 v1.5 Expandable calculations on big integers (HO
)
))
\Fld@menulength=\count315
\Field@Width=\dimen292
\Fld@charsize=\dimen293
Package hyperref Info: Hyper figures OFF on input line 6027.
Package hyperref Info: Link nesting OFF on input line 6032.
Package hyperref Info: Hyper index ON on input line 6035.
Package hyperref Info: backreferencing OFF on input line 6042.
Package hyperref Info: Link coloring ON on input line 6045.
Package hyperref Info: Link coloring with OCG OFF on input line 6052.
Package hyperref Info: PDF/A mode OFF on input line 6057.
\Hy@abspage=\count316
\c@Item=\count317
\c@Hfootnote=\count318
)
Package hyperref Info: Driver (autodetected): hpdftex.
(C:\Users\Jun\AppData\Local\Programs\MiKTeX\tex/latex/hyperref\hpdftex.def
File: hpdftex.def 2022-09-22 v7.00t Hyperref driver for pdfTeX
(C:\Users\Jun\AppData\Local\Programs\MiKTeX\tex/latex/base\atveryend-ltx.sty
Package: atveryend-ltx 2020/08/19 v1.0a Emulation of the original atveryend pac
kage
with kernel methods
)
\HyAnn@Count=\count319
\Fld@listcount=\count320
\c@bookmark@seq@number=\count321

(C:\Users\Jun\AppData\Local\Programs\MiKTeX\tex/latex/rerunfilecheck\rerunfilec
heck.sty
Package: rerunfilecheck 2022-07-10 v1.10 Rerun checks for auxiliary files (HO)

(C:\Users\Jun\AppData\Local\Programs\MiKTeX\tex/generic/uniquecounter\uniquecou
nter.sty
Package: uniquecounter 2019/12/15 v1.4 Provide unlimited unique counter (HO)
)
Package uniquecounter Info: New unique counter `rerunfilecheck' on input line 2
85.
)
\Hy@SectionHShift=\skip123
) (C:\Users\Jun\AppData\Local\Programs\MiKTeX\tex/latex/preprint\authblk.sty
Package: authblk 2001/02/27 1.3 (PWD)
\affilsep=\skip124
\@affilsep=\skip125
\c@Maxaffil=\count322
\c@authors=\count323
\c@affil=\count324
) (C:\Users\Jun\AppData\Local\Programs\MiKTeX\tex/latex/xifthen\xifthen.sty
Package: xifthen 2015/11/05 v1.4.0 Extended ifthen features
(C:\Users\Jun\AppData\Local\Programs\MiKTeX\tex/latex/tools\calc.sty
Package: calc 2017/05/25 v4.3 Infix arithmetic (KKT,FJ)
\calc@Acount=\count325
\calc@Bcount=\count326
\calc@Adimen=\dimen294
\calc@Bdimen=\dimen295
\calc@Askip=\skip126
\calc@Bskip=\skip127
LaTeX Info: Redefining \setlength on input line 80.
LaTeX Info: Redefining \addtolength on input line 81.
\calc@Ccount=\count327
\calc@Cskip=\skip128
) (C:\Users\Jun\AppData\Local\Programs\MiKTeX\tex/latex/base\ifthen.sty
Package: ifthen 2022/04/13 v1.1d Standard LaTeX ifthen package (DPC)
) (C:\Users\Jun\AppData\Local\Programs\MiKTeX\tex/latex/ifmtarg\ifmtarg.sty
Package: ifmtarg 2018/04/16 v1.2b check for an empty argument
)) (C:\Users\Jun\AppData\Local\Programs\MiKTeX\tex/latex/base\textcomp.sty
Package: textcomp 2020/02/02 v2.0n Standard LaTeX package
) (C:\Users\Jun\AppData\Local\Programs\MiKTeX\tex/latex/colortbl\colortbl.sty
Package: colortbl 2022/06/20 v1.0f Color table columns (DPC)
(C:\Users\Jun\AppData\Local\Programs\MiKTeX\tex/latex/tools\array.sty
Package: array 2022/03/10 v2.5f Tabular extension package (FMi)
\col@sep=\dimen296
\ar@mcellbox=\box87
\extrarowheight=\dimen297
\NC@list=\toks43
\extratabsurround=\skip129
\backup@length=\skip130
\ar@cellbox=\box88
)
\everycr=\toks44
\minrowclearance=\skip131
\rownum=\count328
) (C:\Users\Jun\AppData\Local\Programs\MiKTeX\tex/latex/booktabs\booktabs.sty
Package: booktabs 2020/01/12 v1.61803398 Publication quality tables
\heavyrulewidth=\dimen298
\lightrulewidth=\dimen299
\cmidrulewidth=\dimen300
\belowrulesep=\dimen301
\belowbottomsep=\dimen302
\aboverulesep=\dimen303
\abovetopsep=\dimen304
\cmidrulesep=\dimen305
\cmidrulekern=\dimen306
\defaultaddspace=\dimen307
\@cmidla=\count329
\@cmidlb=\count330
\@aboverulesep=\dimen308
\@belowrulesep=\dimen309
\@thisruleclass=\count331
\@lastruleclass=\count332
\@thisrulewidth=\dimen310
) (C:\Users\Jun\AppData\Local\Programs\MiKTeX\tex/latex/algorithms\algorithm.st
y
Package: algorithm 2009/08/24 v0.1 Document Style `algorithm' - floating enviro
nment
(C:\Users\Jun\AppData\Local\Programs\MiKTeX\tex/latex/float\float.sty
Package: float 2001/11/08 v1.3d Float enhancements (AL)
\c@float@type=\count333
\float@exts=\toks45
\float@box=\box89
\@float@everytoks=\toks46
\@floatcapt=\box90
)
\@float@every@algorithm=\toks47
\c@algorithm=\count334
)
(C:\Users\Jun\AppData\Local\Programs\MiKTeX\tex/latex/algorithmicx\algpseudocod
e.sty
Package: algpseudocode 

(C:\Users\Jun\AppData\Local\Programs\MiKTeX\tex/latex/algorithmicx\algorithmicx
.sty
Package: algorithmicx 2005/04/27 v1.2 Algorithmicx
Document Style algorithmicx 1.2 - a greatly improved `algorithmic' style
\c@ALG@line=\count335
\c@ALG@rem=\count336
\c@ALG@nested=\count337
\ALG@tlm=\skip132
\ALG@thistlm=\skip133
\c@ALG@Lnr=\count338
\c@ALG@blocknr=\count339
\c@ALG@storecount=\count340
\c@ALG@tmpcounter=\count341
\ALG@tmplength=\skip134
)
Document Style - pseudocode environments for use with the `algorithmicx' style
)
(C:\Users\Jun\AppData\Local\Programs\MiKTeX\tex/latex/changepage\changepage.sty
Package: changepage 2009/10/20 v1.0c check page and change page layout
\c@cp@cntr=\count342
\cp@tempcnt=\count343
) (C:\Users\Jun\AppData\Local\Programs\MiKTeX\tex/latex/geometry\geometry.sty
Package: geometry 2020/01/02 v5.9 Page Geometry
(C:\Users\Jun\AppData\Local\Programs\MiKTeX\tex/generic/iftex\ifvtex.sty
Package: ifvtex 2019/10/25 v1.7 ifvtex legacy package. Use iftex instead.
)
\Gm@cnth=\count344
\Gm@cntv=\count345
\c@Gm@tempcnt=\count346
\Gm@bindingoffset=\dimen311
\Gm@wd@mp=\dimen312
\Gm@odd@mp=\dimen313
\Gm@even@mp=\dimen314
\Gm@layoutwidth=\dimen315
\Gm@layoutheight=\dimen316
\Gm@layouthoffset=\dimen317
\Gm@layoutvoffset=\dimen318
\Gm@dimlist=\toks48
(C:\Users\Jun\AppData\Local\Programs\MiKTeX\tex/latex/geometry\geometry.cfg)) (
C:\Users\Jun\AppData\Local\Programs\MiKTeX\tex/latex/caption\caption.sty
Package: caption 2023/03/12 v3.6j Customizing captions (AR)
(C:\Users\Jun\AppData\Local\Programs\MiKTeX\tex/latex/caption\caption3.sty
Package: caption3 2023/03/12 v2.4 caption3 kernel (AR)
\caption@tempdima=\dimen319
\captionmargin=\dimen320
\caption@leftmargin=\dimen321
\caption@rightmargin=\dimen322
\caption@width=\dimen323
\caption@indent=\dimen324
\caption@parindent=\dimen325
\caption@hangindent=\dimen326
Package caption Info: Standard document class detected.
)
Package caption Info: Option `figurename' requires the `newfloat' package on in
put line 171.
(C:\Users\Jun\AppData\Local\Programs\MiKTeX\tex/latex/newfloat\newfloat.sty
Package: newfloat 2019/09/02 v1.1l Defining new floating environments (AR)
Package newfloat Info: Unsupported document class, or \@chapter 
(newfloat)             was already redefined by another package.
Package newfloat Info: \@chapter = macro:->\def \Hy@next {\Hy@MakeCurrentHrefAu
to {\Hy@chapapp *}\Hy@raisedlink {\hyper@anchorstart {\@currentHref }\hyper@anc
horend }}\ifnum \c@secnumdepth >\m@ne \ltx@IfUndefined {if@mainmatter}\iftrue {
\csname if@mainmatter\endcsname }\let \Hy@next \relax \fi \fi \Hy@next \Hy@org@
chapter .
Package newfloat Info: \Hy@org@chapter = macro:[#1]#2->\NR@gettitle {#1}\NR@cha
pter [{#1}]{#2}.
)
\c@caption@flags=\count347
\c@continuedfloat=\count348
Package caption Info: changepage package is loaded.
\caption@adjustwidth@hsize=\dimen327
\caption@adjustwidth@linewidth=\dimen328
Package caption Info: float package is loaded.
Package caption Info: hyperref package is loaded.
) (C:\Users\Jun\AppData\Local\Programs\MiKTeX\tex/latex/natbib\natbib.sty
Package: natbib 2010/09/13 8.31b (PWD, AO)
\bibhang=\skip135
\bibsep=\skip136
LaTeX Info: Redefining \cite on input line 694.
\c@NAT@ctr=\count349
) (C:\Users\Jun\AppData\Local\Programs\MiKTeX\tex/latex/fancyhdr\fancyhdr.sty
Package: fancyhdr 2022/05/18 v4.0.3 Extensive control of page headers and foote
rs
\f@nch@headwidth=\skip137
\f@nch@O@elh=\skip138
\f@nch@O@erh=\skip139
\f@nch@O@olh=\skip140
\f@nch@O@orh=\skip141
\f@nch@O@elf=\skip142
\f@nch@O@erf=\skip143
\f@nch@O@olf=\skip144
\f@nch@O@orf=\skip145
) (C:\Users\Jun\AppData\Local\Programs\MiKTeX\tex/latex/lastpage\lastpage.sty
Package: lastpage 2023/04/12 v2.0b lastpage: 2.09 or 2e? (HMM)
(C:\Users\Jun\AppData\Local\Programs\MiKTeX\tex/latex/lastpage\lastpage2e.sty
Package: lastpage2e 2023/04/12 v2.0b Decide which 2e lastpage version to use (H
MM)

(C:\Users\Jun\AppData\Local\Programs\MiKTeX\tex/latex/lastpage\lastpageclassic.
sty
Package: lastpageclassic 2023/04/12 v2.0b Refers to last page's name (HMM; JPG)

) 
)) (C:\Users\Jun\AppData\Local\Programs\MiKTeX\tex/latex/titlesec\titlesec.sty
Package: titlesec 2021/07/05 v2.14 Sectioning titles
\ttl@box=\box91
\beforetitleunit=\skip146
\aftertitleunit=\skip147
\ttl@plus=\dimen329
\ttl@minus=\dimen330
\ttl@toksa=\toks49
\titlewidth=\dimen331
\titlewidthlast=\dimen332
\titlewidthfirst=\dimen333
)
\c@ttlp@side=\count350
\ttlp@side=\count351
\pnas@vertadjust=\skip148
(C:\Users\Jun\AppData\Local\Programs\MiKTeX\tex/latex/lineno\lineno.sty
Package: lineno 2023/05/19 line numbers on paragraphs v5.2
\linenopenalty=\count352
\output=\toks50
\linenoprevgraf=\count353
\linenumbersep=\dimen334
\linenumberwidth=\dimen335
\c@linenumber=\count354
\c@pagewiselinenumber=\count355
\c@LN@truepage=\count356
\c@internallinenumber=\count357
\c@internallinenumbers=\count358
\quotelinenumbersep=\dimen336
\bframerule=\dimen337
\bframesep=\dimen338
\bframebox=\box92
\linenoamsmath@ams@eqpen=\count359
LaTeX Info: Redefining \\ on input line 3146.
) (C:\Users\Jun\AppData\Local\Programs\MiKTeX\tex/latex/footmisc\footmisc.sty
Package: footmisc 2022/03/08 v6.0d a miscellany of footnote facilities
\FN@temptoken=\toks51
\footnotemargin=\dimen339
\@outputbox@depth=\dimen340
Package footmisc Info: Declaring symbol style bringhurst on input line 695.
Package footmisc Info: Declaring symbol style chicago on input line 703.
Package footmisc Info: Declaring symbol style wiley on input line 712.
Package footmisc Info: Declaring symbol style lamport-robust on input line 723.

Package footmisc Info: Declaring symbol style lamport* on input line 743.
Package footmisc Info: Declaring symbol style lamport*-robust on input line 764
.
)
\c@acknow@section=\count360
\c@matmethods@section=\count361
(C:\Users\Jun\AppData\Local\Programs\MiKTeX\tex/latex/enumitem\enumitem.sty
Package: enumitem 2019/06/20 v3.9 Customized lists
\labelindent=\skip149
\enit@outerparindent=\dimen341
\enit@toks=\toks52
\enit@inbox=\box93
\enit@count@id=\count362
\enitdp@description=\count363
) (C:\Users\Jun\AppData\Local\Programs\MiKTeX\tex/latex/fancyvrb\fancyvrb.sty
Package: fancyvrb 2023/01/19 4.5a verbatim text (tvz,hv)
\FV@CodeLineNo=\count364
\FV@InFile=\read4
\FV@TabBox=\box94
\c@FancyVerbLine=\count365
\FV@StepNumber=\count366
\FV@OutFile=\write4
)
Document Class: pinp 
\@float@every@sigstatement=\toks53
\c@sigstatement=\count367

(C:\Users\Jun\AppData\Local\Programs\MiKTeX\tex/latex/mathdesign\mathdesign.sty
Package: mathdesign 2013/08/29 v2.31 Math Design Project

(C:\Users\Jun\AppData\Local\Programs\MiKTeX\tex/latex/mathdesign/mdbch\mdbch.cf
g)
(C:\Users\Jun\AppData\Local\Programs\MiKTeX\tex/latex/mathdesign/mdbch\mdbch.st
y
Package: mdbch 2013/08/29 v2.31 bitstream bitstream charter + mdbch (Math Desig
n Project)
(C:\Users\Jun\AppData\Local\Programs\MiKTeX\tex/latex/mathdesign\mdfont.def
File: mdfont.def 2013/08/29 v2.31 (Math Design Project)
) (C:\Users\Jun\AppData\Local\Programs\MiKTeX\tex/latex/mathdesign\mdsffont.def
File: mdsffont.def 2013/08/29 v2.31 (Math Design Project)

LaTeX Info: Font shape OT1/phv/mc/n has incorrect series value `mc'.
            It should not contain an `m'! Please correct it.
            Found on input line 53.


LaTeX Info: Font shape OT1/phv/mc/sc has incorrect series value `mc'.
            It should not contain an `m'! Please correct it.
            Found on input line 56.


LaTeX Info: Font shape OT1/phv/mc/sl has incorrect series value `mc'.
            It should not contain an `m'! Please correct it.
            Found on input line 59.


LaTeX Info: Font shape OT1/phv/mc/it has incorrect series value `mc'.
            It should not contain an `m'! Please correct it.
            Found on input line 79.


LaTeX Info: Font shape T1/phv/mc/n has incorrect series value `mc'.
            It should not contain an `m'! Please correct it.
            Found on input line 102.


LaTeX Info: Font shape T1/phv/mc/sc has incorrect series value `mc'.
            It should not contain an `m'! Please correct it.
            Found on input line 105.


LaTeX Info: Font shape T1/phv/mc/sl has incorrect series value `mc'.
            It should not contain an `m'! Please correct it.
            Found on input line 108.


LaTeX Info: Font shape T1/phv/mc/it has incorrect series value `mc'.
            It should not contain an `m'! Please correct it.
            Found on input line 128.


LaTeX Info: Font shape OT1/uhv/mc/n has incorrect series value `mc'.
            It should not contain an `m'! Please correct it.
            Found on input line 259.


LaTeX Info: Font shape OT1/uhv/mc/sc has incorrect series value `mc'.
            It should not contain an `m'! Please correct it.
            Found on input line 262.


LaTeX Info: Font shape OT1/uhv/mc/sl has incorrect series value `mc'.
            It should not contain an `m'! Please correct it.
            Found on input line 265.


LaTeX Info: Font shape OT1/uhv/mc/it has incorrect series value `mc'.
            It should not contain an `m'! Please correct it.
            Found on input line 268.


LaTeX Info: Font shape T1/uhv/mc/n has incorrect series value `mc'.
            It should not contain an `m'! Please correct it.
            Found on input line 313.


LaTeX Info: Font shape T1/uhv/mc/sc has incorrect series value `mc'.
            It should not contain an `m'! Please correct it.
            Found on input line 316.


LaTeX Info: Font shape T1/uhv/mc/sl has incorrect series value `mc'.
            It should not contain an `m'! Please correct it.
            Found on input line 319.


LaTeX Info: Font shape T1/uhv/mc/it has incorrect series value `mc'.
            It should not contain an `m'! Please correct it.
            Found on input line 322.

) (C:\Users\Jun\AppData\Local\Programs\MiKTeX\tex/latex/mathdesign\mdttfont.def
File: mdttfont.def 2013/08/29 v2.31 (Math Design Project)
)
\symmdcal=\mathgroup6
LaTeX Font Info:    Overwriting symbol font `mdcal' in version `bold'
(Font)                  OMS/mdbch/m/n --> OMS/mdbch/b/n on input line 97.
\symmdscr=\mathgroup7
LaTeX Font Info:    Overwriting symbol font `mdscr' in version `bold'
(Font)                  OMS/mdbch/m/n --> OMS/mdbch/b/n on input line 103.
LaTeX Font Info:    Redeclaring math alphabet \mathfrak on input line 109.
LaTeX Font Info:    Overwriting math alphabet `\mathfrak' in version `normal'
(Font)                  U/euf/m/n --> U/xmdeuf/m/n on input line 109.
LaTeX Font Info:    Overwriting math alphabet `\mathfrak' in version `bold'
(Font)                  U/euf/b/n --> U/xmdeuf/m/n on input line 109.
LaTeX Font Info:    Overwriting math alphabet `\mathfrak' in version `bold'
(Font)                  U/xmdeuf/m/n --> U/xmdeuf/b/n on input line 110.
LaTeX Info: Redefining \frak on input line 111.
LaTeX Font Info:    Overwriting symbol font `operators' in version `normal'
(Font)                  OT1/lmr/m/n --> OT1/mdbch/m/n on input line 121.
LaTeX Font Info:    Overwriting symbol font `letters' in version `normal'
(Font)                  OML/lmm/m/it --> OML/mdbch/m/it on input line 122.
LaTeX Font Info:    Overwriting symbol font `symbols' in version `normal'
(Font)                  OMS/lmsy/m/n --> OMS/mdbch/m/n on input line 123.
LaTeX Font Info:    Overwriting symbol font `largesymbols' in version `normal'
(Font)                  OMX/lmex/m/n --> OMX/mdbch/m/n on input line 124.
LaTeX Font Info:    Overwriting symbol font `operators' in version `bold'
(Font)                  OT1/lmr/bx/n --> OT1/mdbch/b/n on input line 126.
LaTeX Font Info:    Overwriting symbol font `letters' in version `bold'
(Font)                  OML/lmm/b/it --> OML/mdbch/b/it on input line 127.
LaTeX Font Info:    Overwriting symbol font `symbols' in version `bold'
(Font)                  OMS/lmsy/b/n --> OMS/mdbch/b/n on input line 128.
LaTeX Font Info:    Overwriting symbol font `largesymbols' in version `bold'
(Font)                  OMX/lmex/m/n --> OMX/mdbch/b/n on input line 129.
LaTeX Font Info:    Overwriting math alphabet `\mathrm' in version `normal'
(Font)                  OT1/mdbch/m/n --> T1/mdbch/m/n on input line 131.
LaTeX Font Info:    Overwriting math alphabet `\mathbf' in version `normal'
(Font)                  OT1/lmr/bx/n --> T1/mdbch/b/n on input line 132.
LaTeX Font Info:    Overwriting math alphabet `\mathit' in version `normal'
(Font)                  OT1/lmr/m/it --> T1/mdbch/m/it on input line 133.
LaTeX Font Info:    Overwriting math alphabet `\mathsf' in version `normal'
(Font)                  OT1/lmss/m/n --> T1/phv/m/n on input line 134.
LaTeX Font Info:    Overwriting math alphabet `\mathtt' in version `normal'
(Font)                  OT1/lmtt/m/n --> T1/lmtt/m/n on input line 135.
LaTeX Font Info:    Overwriting math alphabet `\mathrm' in version `bold'
(Font)                  OT1/mdbch/b/n --> T1/mdbch/b/n on input line 137.
LaTeX Font Info:    Overwriting math alphabet `\mathbf' in version `bold'
(Font)                  OT1/lmr/bx/n --> T1/mdbch/b/n on input line 138.
LaTeX Font Info:    Overwriting math alphabet `\mathit' in version `bold'
(Font)                  OT1/lmr/bx/it --> T1/mdbch/b/it on input line 139.
LaTeX Font Info:    Overwriting math alphabet `\mathsf' in version `bold'
(Font)                  OT1/lmss/bx/n --> T1/phv/b/n on input line 140.
LaTeX Font Info:    Overwriting math alphabet `\mathtt' in version `bold'
(Font)                  OT1/lmtt/m/n --> T1/lmtt/b/n on input line 141.
\symlettersupright=\mathgroup8
LaTeX Font Info:    Overwriting symbol font `lettersupright' in version `bold'
(Font)                  OML/mdbch/m/n --> OML/mdbch/b/n on input line 144.
LaTeX Font Info:    Redeclaring math alphabet \mathrm on input line 145.
LaTeX Font Info:    Overwriting math alphabet `\mathcal' in version `normal'
(Font)                  OMS/mdbch/m/n --> OMS/mdbch/m/n on input line 167.
(C:\Users\Jun\AppData\Local\Programs\MiKTeX\tex/latex/xkeyval\xkeyval.sty
Package: xkeyval 2022/06/16 v2.9 package option processing (HA)
(C:\Users\Jun\AppData\Local\Programs\MiKTeX\tex/generic/xkeyval\xkeyval.tex (C:
\Users\Jun\AppData\Local\Programs\MiKTeX\tex/generic/xkeyval\xkvutils.tex
\XKV@toks=\toks54
\XKV@tempa@toks=\toks55
)
\XKV@depth=\count368
File: xkeyval.tex 2014/12/03 v2.7a key=value parser (HA)
))
LaTeX Font Info:    Trying to load font information for T1+mdbch on input line 
186.

(C:\Users\Jun\AppData\Local\Programs\MiKTeX\tex/latex/mathdesign/mdbch\t1mdbch.
fd
File: t1mdbch.fd 2013/08/29 Fontinst v1.933 font definitions for T1/mdbch.
)
LaTeX Font Info:    Font shape `T1/mdbch/m/n' will be
(Font)              scaled to size 8.64006pt on input line 186.
LaTeX Font Info:    Redeclaring math accent \widetilde on input line 449.
LaTeX Font Info:    Redeclaring math accent \widehat on input line 450.
Now handling font encoding MDA ...
... no UTF-8 mapping file for font encoding MDA
\symmathdesignA=\mathgroup9
LaTeX Font Info:    Overwriting symbol font `mathdesignA' in version `bold'
(Font)                  MDA/mdbch/m/n --> MDA/mdbch/b/n on input line 491.
LaTeX Font Info:    Overwriting encoding scheme math defaults on input line 493
.
Now handling font encoding MDB ...
... no UTF-8 mapping file for font encoding MDB
\symmathdesignB=\mathgroup10
LaTeX Font Info:    Overwriting symbol font `mathdesignB' in version `bold'
(Font)                  MDB/mdbch/m/n --> MDB/mdbch/b/n on input line 498.
LaTeX Info: Redefining \bold on input line 510.
LaTeX Font Info:    Redeclaring math accent \widetilde on input line 532.
LaTeX Font Info:    Redeclaring math accent \widehat on input line 533.
\rulethickness=\skip150
) (C:\Users\Jun\AppData\Local\Programs\MiKTeX\tex/latex/base\fontenc.sty
Package: fontenc 2021/04/29 v2.0v Standard LaTeX package
)) (C:\Users\Jun\AppData\Local\Programs\MiKTeX\tex/latex/upquote\upquote.sty
Package: upquote 2012/04/19 v1.3 upright-quote and grave-accent glyphs in verba
tim
)) (C:\Users\Jun\AppData\Local\Programs\MiKTeX\tex/latex/microtype\microtype.st
y
Package: microtype 2023/03/13 v3.1a Micro-typographical refinements (RS)
\MT@toks=\toks56
\MT@tempbox=\box95
\MT@count=\count369
LaTeX Info: Redefining \noprotrusionifhmode on input line 1059.
LaTeX Info: Redefining \leftprotrusion on input line 1060.
\MT@prot@toks=\toks57
LaTeX Info: Redefining \rightprotrusion on input line 1078.
LaTeX Info: Redefining \textls on input line 1368.
\MT@outer@kern=\dimen342
LaTeX Info: Redefining \textmicrotypecontext on input line 1988.
\MT@listname@count=\count370

(C:\Users\Jun\AppData\Local\Programs\MiKTeX\tex/latex/microtype\microtype-pdfte
x.def
File: microtype-pdftex.def 2023/03/13 v3.1a Definitions specific to pdftex (RS)

LaTeX Info: Redefining \lsstyle on input line 902.
LaTeX Info: Redefining \lslig on input line 902.
\MT@outer@space=\skip151
)
Package microtype Info: Loading configuration file microtype.cfg.
(C:\Users\Jun\AppData\Local\Programs\MiKTeX\tex/latex/microtype\microtype.cfg
File: microtype.cfg 2023/03/13 v3.1a microtype main configuration file (RS)
)) (C:\Users\Jun\AppData\Local\Programs\MiKTeX\tex/latex/base\fontenc.sty
Package: fontenc 2021/04/29 v2.0v Standard LaTeX package
) (DATA3888_Final_report.aux)
\openout1 = `DATA3888_Final_report.aux'.

LaTeX Font Info:    Checking defaults for OML/cmm/m/it on input line 56.
LaTeX Font Info:    ... okay on input line 56.
LaTeX Font Info:    Checking defaults for OMS/cmsy/m/n on input line 56.
LaTeX Font Info:    ... okay on input line 56.
LaTeX Font Info:    Checking defaults for OT1/cmr/m/n on input line 56.
LaTeX Font Info:    ... okay on input line 56.
LaTeX Font Info:    Checking defaults for T1/cmr/m/n on input line 56.
LaTeX Font Info:    ... okay on input line 56.
LaTeX Font Info:    Checking defaults for TS1/cmr/m/n on input line 56.
LaTeX Font Info:    ... okay on input line 56.
LaTeX Font Info:    Checking defaults for OMX/cmex/m/n on input line 56.
LaTeX Font Info:    ... okay on input line 56.
LaTeX Font Info:    Checking defaults for U/cmr/m/n on input line 56.
LaTeX Font Info:    ... okay on input line 56.
LaTeX Font Info:    Checking defaults for PD1/pdf/m/n on input line 56.
LaTeX Font Info:    ... okay on input line 56.
LaTeX Font Info:    Checking defaults for PU/pdf/m/n on input line 56.
LaTeX Font Info:    ... okay on input line 56.
LaTeX Font Info:    Checking defaults for MDA/cmr/m/n on input line 56.
LaTeX Font Info:    Trying to load font information for MDA+cmr on input line 5
6.
(C:\Users\Jun\AppData\Local\Programs\MiKTeX\tex/latex/mathdesign\mdacmr.fd
File: mdacmr.fd 
)
LaTeX Font Info:    ... okay on input line 56.
LaTeX Font Info:    Checking defaults for MDB/cmr/m/n on input line 56.
LaTeX Font Info:    Trying to load font information for MDB+cmr on input line 5
6.
(C:\Users\Jun\AppData\Local\Programs\MiKTeX\tex/latex/mathdesign\mdbcmr.fd
File: mdbcmr.fd 
)
LaTeX Font Info:    ... okay on input line 56.

(C:\Users\Jun\AppData\Local\Programs\MiKTeX\tex/context/base/mkii\supp-pdf.mkii
[Loading MPS to PDF converter (version 2006.09.02).]
\scratchcounter=\count371
\scratchdimen=\dimen343
\scratchbox=\box96
\nofMPsegments=\count372
\nofMParguments=\count373
\everyMPshowfont=\toks58
\MPscratchCnt=\count374
\MPscratchDim=\dimen344
\MPnumerator=\count375
\makeMPintoPDFobject=\count376
\everyMPtoPDFconversion=\toks59
)
(C:\Users\Jun\AppData\Local\Programs\MiKTeX\tex/latex/epstopdf-pkg\epstopdf-bas
e.sty
Package: epstopdf-base 2020-01-24 v2.11 Base part for package epstopdf
(C:\Users\Jun\AppData\Local\Programs\MiKTeX\tex/latex/grfext\grfext.sty
Package: grfext 2019/12/03 v1.3 Manage graphics extensions (HO)
)
Package epstopdf-base Info: Redefining graphics rule for `.eps' on input line 4
85.
Package grfext Info: Graphics extension search list:
(grfext)             [.pdf,.png,.jpg,.mps,.jpeg,.jbig2,.jb2,.PDF,.PNG,.JPG,.JPE
G,.JBIG2,.JB2,.eps]
(grfext)             \AppendGraphicsExtensions on input line 504.

(C:\Users\Jun\AppData\Local\Programs\MiKTeX\tex/latex/00miktex\epstopdf-sys.cfg
File: epstopdf-sys.cfg 2021/03/18 v2.0 Configuration of epstopdf for MiKTeX
))
Package hyperref Info: Link coloring ON on input line 56.
(DATA3888_Final_report.out) (DATA3888_Final_report.out)
\@outlinefile=\write5
\openout5 = `DATA3888_Final_report.out'.

*geometry* driver: auto-detecting
*geometry* detected driver: pdftex
*geometry* verbose mode - [ preamble ] result:
* driver: pdftex
* paper: letterpaper
* layout: <custom>
* layout(width,height): (587.1965pt,785.94505pt)
* layoutoffset:(h,v)=(13.55392pt,4.51245pt)
* modes: includehead includefoot twoside 
* h-part:(L,W,R)=(38.5pt, 505.6965pt, 43.0pt)
* v-part:(T,H,B)=(43.0pt, 710.94505pt, 32.0pt)
* \paperwidth=614.295pt
* \paperheight=794.96999pt
* \textwidth=505.6965pt
* \textheight=675.94505pt
* \oddsidemargin=-20.21606pt
* \evensidemargin=-15.71606pt
* \topmargin=-24.75754pt
* \headheight=0.0pt
* \headsep=10.0pt
* \topskip=9.0pt
* \footskip=25.0pt
* \marginparwidth=38.0pt
* \marginparsep=10.0pt
* \columnsep=13.5pt
* \skip\footins=8.0pt plus 4.0pt minus 2.0pt
* \hoffset=0.0pt
* \voffset=0.0pt
* \mag=1000
* \@twocolumntrue
* \@twosidetrue
* \@mparswitchtrue
* \@reversemarginfalse
* (1in=72.27pt=25.4mm, 1cm=28.453pt)

Package caption Info: Begin \AtBeginDocument code.
Package caption Info: End \AtBeginDocument code.
Package newfloat Info: Trying Plan B...
Package newfloat Info: `float' package detected.

Package mathdesign/mdbch Warning: Package 'amssymb' shouldn't be used in conjon
ction with package mdbch, on input line 56.


Package mathdesign/mdbch Warning: Package 'amsfonts' shouldn't be used in conjo
nction with package mdbch, on input line 56.

LaTeX Info: Redefining \microtypecontext on input line 56.
Package microtype Info: Applying patch `item' on input line 56.
Package microtype Info: Applying patch `toc' on input line 56.

Package microtype Warning: Unable to apply patch `eqnum' on input line 56.

Package microtype Info: Applying patch `footnote' on input line 56.
Package microtype Info: Applying patch `verbatim' on input line 56.
Package microtype Info: Generating PDF output.
Package microtype Info: Character protrusion enabled (level 2).
Package microtype Info: Using default protrusion set `alltext'.
Package microtype Info: Automatic font expansion enabled (level 2),
(microtype)             stretch: 20, shrink: 20, step: 1, non-selected.
Package microtype Info: Using default expansion set `alltext-nott'.
LaTeX Info: Redefining \showhyphens on input line 56.
Package microtype Info: No adjustment of tracking.
Package microtype Info: No adjustment of interword spacing.
Package microtype Info: No adjustment of character kerning.
(C:\Users\Jun\AppData\Local\Programs\MiKTeX\tex/latex/microtype\mt-bch.cfg
File: mt-bch.cfg 2007/03/03 v1.5 microtype config. file: Bitstream Charter (RS)

)
LaTeX Font Info:    Trying to load font information for T1+lmss on input line 6
2.
(C:\Users\Jun\AppData\Local\Programs\MiKTeX\tex/latex/lm\t1lmss.fd
File: t1lmss.fd 2015/05/01 v1.6.1 Font defs for Latin Modern
)
LaTeX Font Info:    Font shape `T1/lmss/b/n' in size <9> not available
(Font)              Font shape `T1/lmss/bx/n' tried instead on input line 62.
Package microtype Info: Loading generic protrusion settings for font family
(microtype)             `lmss' (encoding: T1).
(microtype)             For optimal results, create family-specific settings.
(microtype)             See the microtype manual for details.
LaTeX Font Info:    Font shape `T1/lmss/b/n' in size <22> not available
(Font)              Font shape `T1/lmss/bx/n' tried instead on input line 62.
LaTeX Font Info:    Font shape `T1/phv/m/n' will be
(Font)              scaled to size 7.94696pt on input line 62.
Package microtype Info: Loading generic protrusion settings for font family
(microtype)             `phv' (encoding: T1).
(microtype)             For optimal results, create family-specific settings.
(microtype)             See the microtype manual for details.
LaTeX Font Info:    Font shape `T1/phv/b/n' will be
(Font)              scaled to size 7.94696pt on input line 62.
LaTeX Font Info:    Trying to load font information for OT1+mdbch on input line
 62.

(C:\Users\Jun\AppData\Local\Programs\MiKTeX\tex/latex/mathdesign/mdbch\ot1mdbch
.fd
File: ot1mdbch.fd 2013/08/29 Fontinst v1.933 font definitions for OT1/mdbch.
)
LaTeX Font Info:    Font shape `OT1/mdbch/m/n' will be
(Font)              scaled to size 8.64006pt on input line 62.
LaTeX Font Info:    Font shape `OT1/mdbch/m/n' will be
(Font)              scaled to size 5.76004pt on input line 62.
LaTeX Font Info:    Font shape `OT1/mdbch/m/n' will be
(Font)              scaled to size 4.80003pt on input line 62.
LaTeX Font Info:    Trying to load font information for OML+mdbch on input line
 62.

(C:\Users\Jun\AppData\Local\Programs\MiKTeX\tex/latex/mathdesign/mdbch\omlmdbch
.fd
File: omlmdbch.fd 2013/08/29 Fontinst v1.933 font definitions for OML/mdbch.
)
LaTeX Font Info:    Font shape `OML/mdbch/m/it' will be
(Font)              scaled to size 8.64006pt on input line 62.
LaTeX Font Info:    Font shape `OML/mdbch/m/it' will be
(Font)              scaled to size 5.76004pt on input line 62.
LaTeX Font Info:    Font shape `OML/mdbch/m/it' will be
(Font)              scaled to size 4.80003pt on input line 62.
LaTeX Font Info:    Trying to load font information for OMS+mdbch on input line
 62.

(C:\Users\Jun\AppData\Local\Programs\MiKTeX\tex/latex/mathdesign/mdbch\omsmdbch
.fd
File: omsmdbch.fd 2013/08/29 Fontinst v1.933 font definitions for OMS/mdbch.
)
LaTeX Font Info:    Font shape `OMS/mdbch/m/n' will be
(Font)              scaled to size 8.64006pt on input line 62.
LaTeX Font Info:    Font shape `OMS/mdbch/m/n' will be
(Font)              scaled to size 5.76004pt on input line 62.
LaTeX Font Info:    Font shape `OMS/mdbch/m/n' will be
(Font)              scaled to size 4.80003pt on input line 62.
LaTeX Font Info:    Trying to load font information for OMX+mdbch on input line
 62.

(C:\Users\Jun\AppData\Local\Programs\MiKTeX\tex/latex/mathdesign/mdbch\omxmdbch
.fd
File: omxmdbch.fd 2013/08/29 Fontinst v1.933 font definitions for OMX/mdbch.
)
LaTeX Font Info:    Font shape `OMX/mdbch/m/n' will be
(Font)              scaled to size 8.64006pt on input line 62.
LaTeX Font Info:    Font shape `OMX/mdbch/m/n' will be
(Font)              scaled to size 5.76004pt on input line 62.
LaTeX Font Info:    Font shape `OMX/mdbch/m/n' will be
(Font)              scaled to size 4.80003pt on input line 62.
LaTeX Font Info:    Trying to load font information for U+msa on input line 62.

(C:\Users\Jun\AppData\Local\Programs\MiKTeX\tex/latex/amsfonts\umsa.fd
File: umsa.fd 2013/01/14 v3.01 AMS symbols A
) (C:\Users\Jun\AppData\Local\Programs\MiKTeX\tex/latex/microtype\mt-msa.cfg
File: mt-msa.cfg 2006/02/04 v1.1 microtype config. file: AMS symbols (a) (RS)
)
LaTeX Font Info:    Trying to load font information for U+msb on input line 62.

(C:\Users\Jun\AppData\Local\Programs\MiKTeX\tex/latex/amsfonts\umsb.fd
File: umsb.fd 2013/01/14 v3.01 AMS symbols B
) (C:\Users\Jun\AppData\Local\Programs\MiKTeX\tex/latex/microtype\mt-msb.cfg
File: mt-msb.cfg 2005/06/01 v1.0 microtype config. file: AMS symbols (b) (RS)
)
LaTeX Font Info:    Font shape `OML/mdbch/m/n' will be
(Font)              scaled to size 8.64006pt on input line 62.
LaTeX Font Info:    Font shape `OML/mdbch/m/n' will be
(Font)              scaled to size 5.76004pt on input line 62.
LaTeX Font Info:    Font shape `OML/mdbch/m/n' will be
(Font)              scaled to size 4.80003pt on input line 62.
LaTeX Font Info:    Trying to load font information for MDA+mdbch on input line
 62.

(C:\Users\Jun\AppData\Local\Programs\MiKTeX\tex/latex/mathdesign/mdbch\mdamdbch
.fd
File: mdamdbch.fd 2013/08/29 Fontinst v1.933 font definitions for MDA/mdbch.
)
LaTeX Font Info:    Font shape `MDA/mdbch/m/n' will be
(Font)              scaled to size 8.64006pt on input line 62.
LaTeX Font Info:    Font shape `MDA/mdbch/m/n' will be
(Font)              scaled to size 5.76004pt on input line 62.
LaTeX Font Info:    Font shape `MDA/mdbch/m/n' will be
(Font)              scaled to size 4.80003pt on input line 62.
LaTeX Font Info:    Trying to load font information for MDB+mdbch on input line
 62.

(C:\Users\Jun\AppData\Local\Programs\MiKTeX\tex/latex/mathdesign/mdbch\mdbmdbch
.fd
File: mdbmdbch.fd 2013/08/29 Fontinst v1.933 font definitions for MDB/mdbch.
)
LaTeX Font Info:    Font shape `MDB/mdbch/m/n' will be
(Font)              scaled to size 8.64006pt on input line 62.
LaTeX Font Info:    Font shape `MDB/mdbch/m/n' will be
(Font)              scaled to size 5.76004pt on input line 62.
LaTeX Font Info:    Font shape `MDB/mdbch/m/n' will be
(Font)              scaled to size 4.80003pt on input line 62.
LaTeX Font Info:    Font shape `T1/phv/b/n' will be
(Font)              scaled to size 5.29797pt on input line 62.
LaTeX Font Info:    Font shape `T1/mdbch/m/n' will be
(Font)              scaled to size 5.76004pt on input line 62.
LaTeX Font Info:    Font shape `T1/phv/m/n' will be
(Font)              scaled to size 6.18097pt on input line 62.
LaTeX Font Info:    Font shape `OT1/mdbch/m/n' will be
(Font)              scaled to size 6.72005pt on input line 62.
LaTeX Font Info:    Font shape `OML/mdbch/m/it' will be
(Font)              scaled to size 6.72005pt on input line 62.
LaTeX Font Info:    Font shape `OMS/mdbch/m/n' will be
(Font)              scaled to size 6.72005pt on input line 62.
LaTeX Font Info:    Font shape `OMX/mdbch/m/n' will be
(Font)              scaled to size 6.72005pt on input line 62.
LaTeX Font Info:    Font shape `OML/mdbch/m/n' will be
(Font)              scaled to size 6.72005pt on input line 62.
LaTeX Font Info:    Font shape `MDA/mdbch/m/n' will be
(Font)              scaled to size 6.72005pt on input line 62.
LaTeX Font Info:    Font shape `MDB/mdbch/m/n' will be
(Font)              scaled to size 6.72005pt on input line 62.
LaTeX Font Info:    Font shape `T1/phv/m/n' will be
(Font)              scaled to size 4.41498pt on input line 62.
LaTeX Font Info:    Font shape `T1/mdbch/m/n' will be
(Font)              scaled to size 4.80003pt on input line 62.
LaTeX Font Info:    Font shape `T1/mdbch/m/n' will be
(Font)              scaled to size 6.72005pt on input line 62.
LaTeX Font Info:    Font shape `T1/phv/b/n' will be
(Font)              scaled to size 7.06396pt on input line 64.
LaTeX Font Info:    Font shape `T1/mdbch/m/n' will be
(Font)              scaled to size 9.60007pt on input line 79.
LaTeX Font Info:    Font shape `T1/phv/m/n' will be
(Font)              scaled to size 8.82996pt on input line 79.
LaTeX Font Info:    Font shape `T1/phv/b/n' will be
(Font)              scaled to size 8.82996pt on input line 79.
<images/frog.png, id=72, 2055.68pt x 1541.76pt>
File: images/frog.png Graphic file (type png)
<use images/frog.png>
Package pdftex.def Info: images/frog.png  used on input line 116.
(pdftex.def)             Requested size: 333.74606pt x 252.94438pt.
LaTeX Font Info:    Font shape `T1/phv/b/n' will be
(Font)              scaled to size 6.18097pt on input line 118.

Package hyperref Warning: The anchor of a bookmark and its parent's must not
(hyperref)                be the same. Added a new anchor on input line 125.

[1{C:/Users/Jun/AppData/Local/MiKTeX/fonts/map/pdftex/pdftex.map}


]
File: images/frog.png Graphic file (type png)
<use images/frog.png>
Package pdftex.def Info: images/frog.png  used on input line 159.
(pdftex.def)             Requested size: 202.25513pt x 144.53964pt.
File: images/frog.png Graphic file (type png)
<use images/frog.png>
Package pdftex.def Info: images/frog.png  used on input line 164.
(pdftex.def)             Requested size: 202.25513pt x 144.53964pt.
Package mdframed Info: mdframed works in twoside mode on input line 172.
LaTeX Font Info:    Trying to load font information for T1+lmtt on input line 1
73.
(C:\Users\Jun\AppData\Local\Programs\MiKTeX\tex/latex/lm\t1lmtt.fd
File: t1lmtt.fd 2015/05/01 v1.6.1 Font defs for Latin Modern
)
Package microtype Info: Loading generic protrusion settings for font family
(microtype)             `lmtt' (encoding: T1).
(microtype)             For optimal results, create family-specific settings.
(microtype)             See the microtype manual for details.

LaTeX Font Warning: Font shape `T1/lmtt/b/it' in size <9> not available
(Font)              Font shape `T1/lmtt/b/sl' tried instead on input line 178.

[2 <./images/frog.png>] [3]
LaTeX Font Info:    Font shape `T1/phv/m/n' will be
(Font)              scaled to size 7.06396pt on input line 270.
LaTeX Font Info:    Font shape `T1/phv/b/it' in size <8> not available
(Font)              Font shape `T1/phv/b/sl' tried instead on input line 270.
LaTeX Font Info:    Font shape `T1/phv/b/sl' will be
(Font)              scaled to size 7.06396pt on input line 270.

Package hyperref Warning: The anchor of a bookmark and its parent's must not
(hyperref)                be the same. Added a new anchor on input line 270.

LaTeX Font Info:    Font shape `T1/mdbch/m/it' will be
(Font)              scaled to size 8.64006pt on input line 317.
[4]

Package hyperref Warning: The anchor of a bookmark and its parent's must not
(hyperref)                be the same. Added a new anchor on input line 429.

Package mdframed Info: mdframed works in twoside mode on input line 431.
<accuracies.pdf, id=118, 252.945pt x 251.94125pt>
File: accuracies.pdf Graphic file (type pdf)
<use accuracies.pdf>
Package pdftex.def Info: accuracies.pdf  used on input line 494.
(pdftex.def)             Requested size: 289.0859pt x 289.08049pt.
LaTeX Font Info:    Font shape `T1/phv/m/n' will be
(Font)              scaled to size 6.62247pt on input line 500.
LaTeX Font Info:    Calculating math sizes for size <7.5> on input line 500.
LaTeX Font Info:    Font shape `OT1/mdbch/m/n' will be
(Font)              scaled to size 7.20004pt on input line 500.
LaTeX Font Info:    Font shape `OT1/mdbch/m/n' will be
(Font)              scaled to size 5.04pt on input line 500.
LaTeX Font Info:    Font shape `OT1/mdbch/m/n' will be
(Font)              scaled to size 3.60002pt on input line 500.
LaTeX Font Info:    Font shape `OML/mdbch/m/it' will be
(Font)              scaled to size 7.20004pt on input line 500.
LaTeX Font Info:    Font shape `OML/mdbch/m/it' will be
(Font)              scaled to size 5.04pt on input line 500.
LaTeX Font Info:    Font shape `OML/mdbch/m/it' will be
(Font)              scaled to size 3.60002pt on input line 500.
LaTeX Font Info:    Font shape `OMS/mdbch/m/n' will be
(Font)              scaled to size 7.20004pt on input line 500.
LaTeX Font Info:    Font shape `OMS/mdbch/m/n' will be
(Font)              scaled to size 5.04pt on input line 500.
LaTeX Font Info:    Font shape `OMS/mdbch/m/n' will be
(Font)              scaled to size 3.60002pt on input line 500.
LaTeX Font Info:    Font shape `OMX/mdbch/m/n' will be
(Font)              scaled to size 7.20004pt on input line 500.
LaTeX Font Info:    Font shape `OMX/mdbch/m/n' will be
(Font)              scaled to size 5.04pt on input line 500.
LaTeX Font Info:    Font shape `OMX/mdbch/m/n' will be
(Font)              scaled to size 3.60002pt on input line 500.
LaTeX Font Info:    Font shape `OML/mdbch/m/n' will be
(Font)              scaled to size 7.20004pt on input line 500.
LaTeX Font Info:    Font shape `OML/mdbch/m/n' will be
(Font)              scaled to size 5.04pt on input line 500.
LaTeX Font Info:    Font shape `OML/mdbch/m/n' will be
(Font)              scaled to size 3.60002pt on input line 500.
LaTeX Font Info:    Font shape `MDA/mdbch/m/n' will be
(Font)              scaled to size 7.20004pt on input line 500.
LaTeX Font Info:    Font shape `MDA/mdbch/m/n' will be
(Font)              scaled to size 5.04pt on input line 500.
LaTeX Font Info:    Font shape `MDA/mdbch/m/n' will be
(Font)              scaled to size 3.60002pt on input line 500.
LaTeX Font Info:    Font shape `MDB/mdbch/m/n' will be
(Font)              scaled to size 7.20004pt on input line 500.
LaTeX Font Info:    Font shape `MDB/mdbch/m/n' will be
(Font)              scaled to size 5.04pt on input line 500.
LaTeX Font Info:    Font shape `MDB/mdbch/m/n' will be
(Font)              scaled to size 3.60002pt on input line 500.
LaTeX Font Info:    Trying to load font information for TS1+mdbch on input line
 553.

(C:\Users\Jun\AppData\Local\Programs\MiKTeX\tex/latex/mathdesign/mdbch\ts1mdbch
.fd
File: ts1mdbch.fd 2013/08/29 Fontinst v1.933 font definitions for TS1/mdbch.
)
LaTeX Font Info:    Font shape `TS1/mdbch/m/n' will be
(Font)              scaled to size 8.64006pt on input line 553.
Package microtype Info: Character `texttwelveudash ' is missing
(microtype)             in font `TS1/mdbch/m/n/9'.
(microtype)             Ignoring protrusion settings for this character.
Package microtype Info: Character `textthreequartersemdash ' is missing
(microtype)             in font `TS1/mdbch/m/n/9'.
(microtype)             Ignoring protrusion settings for this character.
Package microtype Info: Character `textasteriskcentered ' is missing
(microtype)             in font `TS1/mdbch/m/n/9'.
(microtype)             Ignoring protrusion settings for this character.
Package microtype Info: Character `textlbrackdbl ' is missing
(microtype)             in font `TS1/mdbch/m/n/9'.
(microtype)             Ignoring protrusion settings for this character.
Package microtype Info: Character `textrbrackdbl ' is missing
(microtype)             in font `TS1/mdbch/m/n/9'.
(microtype)             Ignoring protrusion settings for this character.
Package microtype Info: Character `texttildelow ' is missing
(microtype)             in font `TS1/mdbch/m/n/9'.
(microtype)             Ignoring protrusion settings for this character.
Package microtype Info: Character `textcelsius ' is missing
(microtype)             in font `TS1/mdbch/m/n/9'.
(microtype)             Ignoring protrusion settings for this character.
[5]
Package mdframed Info: mdframed works in twoside mode on input line 589.
<DATA3888_Final_report_files/figure-latex/figex-1.pdf, id=147, 216.81pt x 216.8
1pt>
File: DATA3888_Final_report_files/figure-latex/figex-1.pdf Graphic file (type p
df)
<use DATA3888_Final_report_files/figure-latex/figex-1.pdf>
Package pdftex.def Info: DATA3888_Final_report_files/figure-latex/figex-1.pdf  
used on input line 600.
(pdftex.def)             Requested size: 216.80946pt x 216.80946pt.

Underfull \hbox (badness 10000) in paragraph at lines 626--633
[]\T1/mdbch/m/n/9 (+20) To al-low an equa-tion to span both columns, op-
 []


Underfull \hbox (badness 7759) in paragraph at lines 626--633
\T1/mdbch/m/n/9 (+20) tions are to use the \T1/lmtt/m/n/9 \begin{figure*}...\en
d{figure*}
 []


Underfull \hbox (badness 10000) in paragraph at lines 626--633
\T1/mdbch/m/n/9 (+20) en-vi-ron-ment men-tioned above for fig-ures. The
 []


Underfull \hbox (badness 10000) in paragraph at lines 626--633
\T1/lmtt/m/n/9 \begin{widetext}...\end{widetext} \T1/mdbch/m/n/9 (+20) en-vi-ro
n-ment as
 []

[6 <./accuracies.pdf> <./DATA3888_Final_report_files/figure-latex/figex-1.pdf>]
Package mdframed Info: mdframed works in twoside mode on input line 653.
<DATA3888_Final_report_files/figure-latex/cnn_independent_graph_acc-1.pdf, id=1
69, 216.81pt x 216.81pt>
File: DATA3888_Final_report_files/figure-latex/cnn_independent_graph_acc-1.pdf 
Graphic file (type pdf)
<use DATA3888_Final_report_files/figure-latex/cnn_independent_graph_acc-1.pdf>
Package pdftex.def Info: DATA3888_Final_report_files/figure-latex/cnn_independe
nt_graph_acc-1.pdf  used on input line 684.
(pdftex.def)             Requested size: 216.80946pt x 216.80946pt.
Package mdframed Info: mdframed works in twoside mode on input line 691.
<DATA3888_Final_report_files/figure-latex/cnn_independent_graph_loss-1.pdf, id=
170, 216.81pt x 216.81pt>
File: DATA3888_Final_report_files/figure-latex/cnn_independent_graph_loss-1.pdf
 Graphic file (type pdf)
<use DATA3888_Final_report_files/figure-latex/cnn_independent_graph_loss-1.pdf>

Package pdftex.def Info: DATA3888_Final_report_files/figure-latex/cnn_independe
nt_graph_loss-1.pdf  used on input line 712.
(pdftex.def)             Requested size: 216.80946pt x 216.80946pt.
<images/Confusion_Matrix/Cmax_CNN_Stratified_Clean.png, id=171, 379.91937pt x 3
28.22626pt>
File: images/Confusion_Matrix/Cmax_CNN_Stratified_Clean.png Graphic file (type 
png)
<use images/Confusion_Matrix/Cmax_CNN_Stratified_Clean.png>
Package pdftex.def Info: images/Confusion_Matrix/Cmax_CNN_Stratified_Clean.png 
 used on input line 723.
(pdftex.def)             Requested size: 404.55873pt x 349.52083pt.
File: images/Confusion_Matrix/Cmax_CNN_Stratified_Clean.png Graphic file (type 
png)
<use images/Confusion_Matrix/Cmax_CNN_Stratified_Clean.png>
Package pdftex.def Info: images/Confusion_Matrix/Cmax_CNN_Stratified_Clean.png 
 used on input line 728.
(pdftex.def)             Requested size: 404.55873pt x 349.52083pt.

Overfull \hbox (158.46048pt too wide) in paragraph at lines 722--731
 [] 
 []


Overfull \hbox (158.46048pt too wide) in paragraph at lines 722--731
 [] 
 []


LaTeX Warning: Float too large for page by 71.0966pt on input line 733.

LaTeX Font Info:    Font shape `T1/mdbch/m/n' will be
(Font)              scaled to size 7.68005pt on input line 736.
[7 <./DATA3888_Final_report_files/figure-latex/cnn_independent_graph_acc-1.pdf>
 <./DATA3888_Final_report_files/figure-latex/cnn_independent_graph_loss-1.pdf>]
(DATA3888_Final_report.bbl
LaTeX Font Info:    Font shape `T1/phv/m/it' in size <8> not available
(Font)              Font shape `T1/phv/m/sl' tried instead on input line 17.
LaTeX Font Info:    Font shape `T1/phv/m/sl' will be
(Font)              scaled to size 7.06396pt on input line 17.
LaTeX Font Info:    Font shape `OT1/mdbch/m/n' will be
(Font)              scaled to size 7.68005pt on input line 19.
LaTeX Font Info:    Font shape `OML/mdbch/m/it' will be
(Font)              scaled to size 7.68005pt on input line 19.
LaTeX Font Info:    Font shape `OMS/mdbch/m/n' will be
(Font)              scaled to size 7.68005pt on input line 19.
LaTeX Font Info:    Font shape `OMX/mdbch/m/n' will be
(Font)              scaled to size 7.68005pt on input line 19.
LaTeX Font Info:    Font shape `OML/mdbch/m/n' will be
(Font)              scaled to size 7.68005pt on input line 19.
LaTeX Font Info:    Font shape `MDA/mdbch/m/n' will be
(Font)              scaled to size 7.68005pt on input line 19.
LaTeX Font Info:    Font shape `MDB/mdbch/m/n' will be
(Font)              scaled to size 7.68005pt on input line 19.
) 
AED: lastpage setting LastPage
[8 <./images/Confusion_Matrix/Cmax_CNN_Stratified_Clean.png>] (DATA3888_Final_r
eport.aux)
Package rerunfilecheck Info: File `DATA3888_Final_report.out' has not changed.
(rerunfilecheck)             Checksum: F18DB746DCFD8E5D72320176278C4A79;3119.
 ) 
Here is how much of TeX's memory you used:
 32427 strings out of 475385
 602349 string characters out of 2777850
 958851 words of memory out of 3000000
 52659 multiletter control sequences out of 15000+600000
 578902 words of font info for 424 fonts, out of 8000000 for 9000
 1141 hyphenation exceptions out of 8191
 115i,14n,118p,1020b,981s stack positions out of 10000i,1000n,20000p,200000b,80000s
{C:/Users/Jun/AppData/Local/Programs/MiKTeX/fonts/enc/dvips/lm/lm-ec.enc}{C:/
Users/Jun/AppData/Local/Programs/MiKTeX/fonts/enc/dvips/base/8r.enc}{C:/Users/J
un/AppData/Local/Programs/MiKTeX/fonts/enc/dvips/ly1/texnansi.enc}<C:/Users/Jun
/AppData/Local/Programs/MiKTeX/fonts/type1/bitstrea/charter/bchr8a.pfb><C:/User
s/Jun/AppData/Local/Programs/MiKTeX/fonts/type1/bitstrea/charter/bchri8a.pfb><C
:/Users/Jun/AppData/Local/Programs/MiKTeX/fonts/type1/public/lm/lmssbx10.pfb><C
:/Users/Jun/AppData/Local/Programs/MiKTeX/fonts/type1/public/lm/lmtk10.pfb><C:/
Users/Jun/AppData/Local/Programs/MiKTeX/fonts/type1/public/lm/lmtko10.pfb><C:/U
sers/Jun/AppData/Local/Programs/MiKTeX/fonts/type1/public/lm/lmtt8.pfb><C:/User
s/Jun/AppData/Local/Programs/MiKTeX/fonts/type1/public/lm/lmtt9.pfb><C:/Users/J
un/AppData/Local/Programs/MiKTeX/fonts/type1/mathdesign/mdbch/md-chr7t.pfb><C:/
Users/Jun/AppData/Local/Programs/MiKTeX/fonts/type1/mathdesign/mdbch/md-chr8t.p
fb><C:/Users/Jun/AppData/Local/Programs/MiKTeX/fonts/type1/urw/helvetic/uhvb8a.
pfb><C:/Users/Jun/AppData/Local/Programs/MiKTeX/fonts/type1/urw/helvetic/uhvbo8
a.pfb><C:/Users/Jun/AppData/Local/Programs/MiKTeX/fonts/type1/urw/helvetic/uhvr
8a.pfb><C:/Users/Jun/AppData/Local/Programs/MiKTeX/fonts/type1/urw/helvetic/uhv
ro8a.pfb>
Output written on DATA3888_Final_report.pdf (8 pages, 799890 bytes).
PDF statistics:
 282 PDF objects out of 1000 (max. 8388607)
 44 named destinations out of 1000 (max. 500000)
 111811 words of extra memory for PDF output out of 128383 (max. 10000000)

